3 99 121 228 
3 3 1 35 
3 112 38 2 
3 171 233 266 
3 115 299 198 
3 13 25 289 
3 40 59 260 
3 197 48 254 
3 224 127 245 
3 201 57 88 
3 130 56 180 
3 242 94 195 
3 212 150 181 
3 207 15 225 
3 248 265 97 
3 220 275 279 
3 284 138 132 
3 5 152 117 
3 188 273 191 
3 211 186 53 
3 136 192 208 
3 263 26 51 
3 243 206 93 
3 185 114 162 
3 168 105 239 
3 78 256 75 
3 170 63 236 
3 47 98 178 
3 22 295 213 
3 28 49 269 
3 250 80 50 
3 217 169 9 
3 167 11 46 
3 92 177 101 
3 160 7 276 
3 255 83 274 
3 73 231 65 
3 124 258 96 
3 74 173 21 
3 144 129 176 
3 91 189 100 
3 230 77 104 
3 72 52 294 
3 148 146 267 
3 10 271 290 
3 158 24 215 
3 126 259 111 
3 240 122 131 
3 120 174 79 
3 17 151 0 
3 234 143 205 
3 203 210 247 
3 68 87 227 
3 37 128 66 
3 107 110 281 
3 119 16 125 
3 283 147 179 
3 70 286 4 
3 164 102 262 
3 223 287 157 
3 45 14 204 
3 85 44 60 
3 33 103 90 
3 8 6 43 
3 272 31 71 
3 200 123 76 
3 251 166 41 
3 291 219 237 
3 139 218 145 
3 155 292 161 
3 29 216 226 
3 69 193 183 
3 163 222 249 
3 156 32 113 
3 62 296 82 
3 246 261 149 
3 293 199 27 
3 81 241 257 
3 58 54 165 
3 55 19 202 
3 235 196 270 
3 89 61 278 
3 209 277 187 
3 84 34 244 
3 134 20 194 
3 232 175 133 
3 268 135 264 
3 285 116 137 
3 39 23 142 
3 159 67 280 
3 298 288 252 
3 109 221 12 
3 184 282 190 
3 154 36 297 
3 30 86 253 
3 153 108 64 
3 42 106 140 
3 118 18 182 
3 95 172 229 
3 214 141 238 
