25 4005 3438 9141 2131 2938 9775 4778 2006 5261 7821 3165 8449 116 9412 8230 853 4368 5204 1719 3500 5019 9679 2255 8833 3749 
25 4336 8228 6422 4900 913 7738 1508 2890 2328 9881 5528 9355 1238 9709 1308 8209 1175 9664 3453 4363 8905 764 812 6150 9368 
25 314 6700 9474 9835 4412 8172 6294 4315 5514 1455 1257 1065 1575 8351 3109 7000 7627 4324 6822 5885 4220 7290 7581 1921 2481 
25 1298 9112 1467 500 7079 9234 5041 3846 3348 8324 9918 6600 2164 3721 3718 5922 1249 5545 8725 206 6814 7937 2337 9263 8416 
25 5549 2577 3112 6180 180 5537 2798 2715 5625 6551 2517 6148 1976 4788 4225 5983 8525 3407 827 8891 2098 9647 6849 1626 3904 
25 1843 5206 8530 336 7333 3866 4872 7730 1453 4883 1345 9319 2200 9502 9653 3063 7786 4212 4013 3381 3770 81 3224 8652 8936 
25 3799 7357 254 9432 9578 5776 5659 813 6852 8398 7623 8636 8791 8697 9147 80 6419 9091 2002 3948 6990 444 3300 2182 2398 
25 6657 6059 5875 1767 2160 3430 3149 511 1385 8112 7441 9742 3484 1442 6206 1973 8678 7809 6077 7869 2973 7186 8573 3549 5321 
25 5838 4103 7889 3218 3014 1036 2647 6826 1209 5580 8622 2227 3247 7705 7865 5508 4763 3751 4401 7677 9244 4375 8760 2172 7609 
25 6214 4876 8597 1104 5974 3236 8278 5779 6713 2124 8030 6603 2862 6286 5370 7200 2872 1168 8792 8617 9672 8023 1225 9708 5859 
25 4934 2762 6629 3563 9087 8094 7281 1766 9471 7811 738 4897 5413 1688 2591 4043 188 7309 3705 193 2440 1245 1613 7733 1178 
25 2250 1923 3654 146 4859 9857 5493 6559 3306 9952 7183 7253 3101 7680 2722 2156 9074 3067 1886 9034 6338 6224 9247 9479 3567 
25 8445 9943 3956 1604 6344 958 9016 2190 606 4644 689 6157 6655 1189 8901 4114 8368 5934 6355 2930 6255 8195 284 5653 1408 
25 8644 6546 3408 1160 2055 3781 4371 9311 8709 8006 6830 7129 9885 8123 6066 8861 7835 6539 3957 1429 6611 1218 120 7510 1150 
25 5357 510 1256 7873 256 1152 5609 2405 1722 7241 72 3119 2537 8371 9968 5610 7989 5438 8349 5243 5277 3102 1022 9830 1107 
25 9131 2548 3954 9447 8453 459 1519 1038 819 7125 8232 5125 7667 8403 9584 2810 1166 7356 7136 3443 6267 1937 7500 6904 1083 
25 4155 562 7042 7400 2456 916 9554 5519 1980 777 6881 5611 9455 6901 3830 2574 9908 7965 9327 7101 5240 3672 7298 9156 395 
25 7180 5598 5825 8336 1993 5663 2678 6021 79 6750 7093 2225 3664 8015 1816 3515 123 2189 5452 7444 4970 4877 6933 2843 5790 
25 4207 8253 275 2280 8867 4444 5377 5141 6882 7292 2447 1895 1879 9277 7871 1277 9189 7772 3088 7523 2078 6497 7880 6287 5600 
25 6815 9202 8489 7451 7792 4170 9181 3693 1754 8353 7057 515 8882 3308 1781 6118 8716 150 1246 5873 6739 1687 6018 2174 4809 
25 9971 4715 3818 7638 165 8922 7955 6877 7787 4574 4807 3248 4914 1545 9744 1672 2734 4896 7740 9611 4443 3441 5064 1326 1684 
25 1977 5746 3690 2112 5105 3076 7176 7928 6260 9541 6186 4235 3428 8407 7511 8762 3070 4421 4221 4087 270 4724 6958 2950 1454 
25 3762 4930 2417 3237 8142 739 7257 4068 4616 9223 4957 9716 3123 8640 1908 771 8605 2211 2533 9916 7121 6670 8269 6138 5082 
25 4411 9071 3477 3017 3725 6012 4731 8887 8484 2159 487 463 3542 1164 472 3110 7072 2625 424 5745 1153 4869 6686 1506 7757 
25 479 2023 4492 4078 8077 5178 4001 7754 3639 3031 9974 2977 6988 2497 7389 1423 2500 5138 3790 3094 7327 229 8076 923 8177 
25 8962 1936 9649 4544 3245 5940 4653 6191 6833 7636 2671 2954 2599 8334 2696 48 2737 8245 4160 3579 5087 9843 3227 4115 6160 
25 297 1275 9862 3607 7432 9528 2955 8994 2012 9391 6431 2482 3773 2937 9423 2770 993 3314 4974 7147 8543 1304 5242 2866 3284 
25 5113 1050 3235 4222 4624 3044 8501 3609 1798 4940 7217 5991 2179 7517 6726 5822 9950 4429 6375 4816 2698 4020 5988 3932 4988 
25 4927 9467 5583 1334 3600 4241 5621 6370 4477 4951 496 5620 252 3121 4604 4097 7793 3056 9560 5158 1840 5067 658 1731 2198 
25 332 6968 1254 7576 9360 9443 7533 8102 2957 9005 7597 8616 4144 572 8559 2392 4297 7854 857 8264 1694 2036 8805 194 4703 
25 4719 4161 7109 6312 6034 453 8682 4252 7529 1068 9124 7633 7118 7746 9832 8037 1208 7182 933 7930 8562 920 8128 6068 2598 
25 2218 4889 3843 3420 2593 9136 8548 5497 244 8771 9795 564 4275 5120 114 2985 3199 9813 1123 8886 7117 495 2635 3228 9059 
25 57 7751 4515 2703 1413 9945 1027 2287 8944 8243 5291 8297 3050 2708 8378 9892 4325 7827 189 7445 234 9650 5461 5314 286 
25 7165 2809 9395 7950 7707 1004 980 9643 6023 2367 2831 9909 2540 5751 9504 4630 629 2868 4475 8204 8175 5057 5635 6856 6010 
25 5145 5028 5641 3842 9732 5143 3728 2350 1772 2013 460 7045 1571 402 8382 8870 659 7249 2601 8014 2472 3543 454 302 8350 
25 163 4062 5248 6996 8242 4029 8342 3003 9354 113 5633 5415 7396 5550 6318 9877 4523 7016 780 6860 6522 7462 390 2921 1764 
25 3766 7747 6888 3120 8107 3658 3996 8459 3057 5114 3265 2804 7247 4365 6610 9636 9166 8963 7140 4134 4393 9012 3320 8064 6331 
25 6480 3463 4961 1625 2964 55 3620 9587 983 702 6992 7778 5061 9294 4354 7043 2103 8654 7415 7198 4994 4385 3189 5382 4438 
25 4622 6369 1911 4606 8473 7090 158 421 1024 6001 3435 4557 2000 5761 3992 4108 6116 6110 8950 5804 2663 6926 2152 1584 8291 
25 9267 2442 1799 9282 7394 5735 8816 5012 1309 1738 3742 8751 927 1227 3999 3169 6404 242 5421 7967 9790 9310 4880 6368 5239 
25 4812 8143 9793 1452 474 7426 6767 1582 2512 5967 6075 8699 3822 3884 4732 8492 3349 5753 173 6681 5258 2941 1339 2065 1945 
25 9999 5252 6246 9822 5094 111 6571 4334 345 9737 7732 8120 7502 9336 2378 909 3939 9401 9210 260 3744 790 8464 8414 9276 
25 3951 8280 5667 8281 4738 9845 8542 8207 6771 5394 9527 3006 4105 5604 3040 670 3550 721 1008 3763 1210 7077 8499 2900 7801 
25 8427 3335 6925 1691 8256 2736 5231 4188 645 171 9280 2803 6351 7497 2150 7731 4272 29 8053 4745 5904 4295 8176 9869 6824 
25 9693 5427 6938 4939 866 6048 9477 4898 8219 723 5868 1449 1526 5466 1015 6037 1430 2320 3256 2126 4956 5251 3851 338 9188 
25 9613 6697 8935 2924 3816 2787 6966 7402 2260 4199 4572 1273 9496 7158 406 5391 6844 1653 5522 6590 6619 6597 4142 4933 7041 
25 7645 4058 1635 2522 6047 5446 3616 640 9846 3735 1546 5416 6213 608 2578 7123 3217 8335 124 2335 3708 7340 2031 7134 3823 
25 8323 1707 9519 2676 6636 3872 3780 8356 7798 9878 5787 16 5332 7994 2543 5879 3531 5215 5622 3691 3000 7480 2745 1697 3294 
25 7872 1650 7914 6960 7044 8599 5546 3759 2729 8185 5025 9098 5473 5830 9548 6130 389 1347 9029 7585 1620 3139 5627 230 5616 
25 1528 950 1715 7672 8318 2042 4286 7485 2652 2835 912 221 2458 9344 2058 4156 6758 8235 3736 8991 9022 5198 394 5548 7254 
25 4799 6977 4894 1828 2454 7571 5979 5256 7507 3675 2739 1878 2307 4986 1049 4430 8216 4404 8369 7819 3475 8758 46 626 6916 
25 7189 2041 308 4728 3719 6812 1759 5956 5812 846 4239 1079 143 8695 3078 1303 4119 9555 415 1346 605 1989 2613 7922 3707 
25 3448 6687 428 2659 2990 7782 1155 2769 4990 6892 1769 2547 9104 7736 8345 2513 5529 1959 5864 7541 2611 8830 9597 3806 4750 
25 4350 8458 1901 2240 296 1971 334 2028 8505 1590 2062 525 2471 379 7807 9715 4223 9609 5907 7537 613 5075 535 413 6176 
25 3025 7726 1099 2125 7828 4301 6618 8366 2329 6161 829 2053 6616 1797 5151 3703 9458 7962 2199 7106 7099 1052 7666 9375 485 
25 6868 8541 8897 6942 8930 4950 8379 4565 9754 3772 1042 622 9581 4681 6631 6269 7606 3635 5160 2886 3213 2357 8720 8857 5153 
25 9402 9697 462 6502 199 3445 3271 6570 5893 8889 9692 159 1217 3483 8000 2730 8140 231 6550 1852 1331 724 9301 3083 3208 
25 7401 8113 1778 4418 3737 6117 377 20 6729 3894 9075 2728 1809 9772 1048 6453 3990 7913 6778 2967 7885 5247 6847 2321 346 
25 4437 5764 2830 8958 8103 5423 4943 4578 6035 7173 75 7250 2552 4709 2629 797 6927 358 4757 2051 2589 1472 6785 9039 3673 
25 8389 1051 9546 731 2914 9420 8986 3946 47 2686 42 5048 4218 240 2581 5437 976 3158 32 1585 2100 632 8146 1410 5662 
25 3787 722 5246 9947 5313 2854 6446 1497 8441 591 6787 6438 5793 7120 6202 5186 701 6123 148 2590 5704 2975 3252 6153 4647 
25 6919 9309 4862 9969 9148 9382 5280 9725 5418 5900 5994 2379 7892 4800 4885 5406 5386 2643 4947 6780 3423 4175 5656 3065 9269 
25 2346 8735 6782 6911 4768 1780 8560 4918 8144 7314 6696 3410 2181 2894 4980 8916 3311 7362 7354 249 4361 7775 709 4825 4536 
25 6817 11 9668 9161 9777 8461 890 610 756 5769 3077 8726 3429 5177 8595 4246 9806 2710 5929 8247 4099 5826 5361 754 7460 
25 4391 4969 8390 5951 8078 6512 6399 9879 1623 190 2931 5224 9938 5531 2369 9259 2449 7408 15 6336 7358 8082 1448 1058 8990 
25 9819 4291 9004 5347 8054 9948 4424 2587 3572 7863 8214 6101 3714 3143 8836 5602 3468 5286 1300 2877 4479 5705 3791 1019 5685 
25 5434 5772 9714 8317 6708 7476 892 5040 4702 4963 8642 3446 3605 7515 4126 6266 3155 2926 1133 290 5335 3195 335 2693 9622 
25 305 1796 1399 6715 3059 8846 743 4435 5477 3162 3840 9570 3310 9887 8710 2401 269 7237 9917 1084 5918 4760 1502 1689 6834 
25 8261 5534 6883 368 8694 3972 8696 2849 4553 1674 8497 9641 9390 9140 1851 9765 2317 478 157 1982 3920 9849 4518 9944 2090 
25 3285 4531 6212 8677 1958 661 2019 8049 1369 1518 7991 1323 3745 9145 9108 6272 2502 6678 5938 7225 1900 4895 5128 8034 949 
25 8187 7081 3970 1768 6802 3339 2789 864 8742 4610 1180 404 4677 559 1465 941 9408 615 5351 5464 536 5170 5182 5931 8440 
25 943 7643 3665 3214 2701 6747 9536 8988 5023 4959 4159 6365 6184 7385 934 6177 574 4033 3529 523 8279 9996 216 2010 824 
25 8974 4830 3502 5030 4335 5670 737 5352 6366 4238 1636 2952 3536 1473 5575 7729 8210 4699 3740 9040 1268 5748 9903 986 1569 
25 1029 7978 4082 6339 9855 167 3754 5649 6772 3628 9359 9182 9764 5601 843 1753 8813 5975 6086 9875 2109 6588 5080 9232 2827 
25 3358 3568 5051 2451 2292 9808 6091 1343 3471 9953 3258 899 8880 6790 9724 202 1676 9906 948 7197 7148 1812 1108 8564 4481 
25 2282 3363 3098 1950 1390 2518 8739 6998 6046 4598 5867 7975 2612 7838 363 6054 7160 3253 8712 917 7920 7559 6779 7791 6584 
25 1112 4718 6851 166 7343 6589 7512 3350 1132 6020 22 3519 4153 4101 4255 1259 401 9551 5733 5070 6735 323 6585 1553 6354 
25 2135 8309 5848 1941 935 1312 7659 9179 6421 4090 6666 3982 6347 5981 1750 7174 555 7447 4026 9199 5960 9415 7395 3178 530 
25 9598 4193 9569 182 2 8692 2527 5050 2275 40 7490 9466 3577 9256 9558 693 4133 2088 8119 2616 1922 7640 6097 2080 8509 
25 9608 8624 5369 7891 633 4433 4446 8236 7256 4839 7595 5093 6776 9217 8519 7331 9010 8538 56 4138 7215 568 3115 2294 8056 
25 1240 1305 5700 9150 2777 2122 769 9268 9370 6292 2834 6489 84 9797 8566 3975 8420 2648 6217 172 4996 207 2800 9630 7277 
25 5869 8447 8824 928 2951 3547 805 315 3039 8823 41 4829 8993 9154 8008 9056 4689 560 8028 2459 9107 7059 4676 1539 8885 
25 3750 1276 9936 7844 7378 1536 4191 1883 9254 9231 1846 6637 1053 3002 7704 929 6042 2099 8439 8783 1340 5491 3667 8987 5710 
25 5409 9518 5091 9243 6389 8452 7602 2493 7492 1402 250 7107 938 5970 7170 9841 6799 8536 8270 5877 3021 4762 8495 2902 1297 
25 3437 8033 6426 7644 2920 8718 6766 1594 4754 4370 8502 461 8063 4842 3170 3662 3485 5496 9261 4550 1120 3899 5395 8268 7283 
25 9023 6025 5855 1349 5083 7334 3467 5459 4916 1264 3526 7352 5539 7527 7599 9681 2610 5800 9975 8463 1961 5782 4002 6108 7154 
25 7205 588 8466 3809 2709 7299 3507 3464 2706 8411 5223 9137 6533 1224 2759 6786 2763 7213 6137 1581 807 132 131 8448 578 
25 8576 486 8026 3393 7843 6218 8358 8007 3201 6498 1534 4881 2068 4489 1005 7817 3647 2594 1749 3062 1039 2832 5603 7739 5301 
25 6112 3793 3036 5669 3141 2707 5718 2197 6667 840 3183 204 3246 7155 4067 1338 2808 6810 3720 1405 7615 8087 2743 8376 8971 
25 3617 2081 1857 2372 3129 4498 9472 2130 3216 3412 9593 9610 6543 994 7318 1552 7028 1708 1893 4817 1912 4698 8647 3510 5618 
25 1236 2542 3209 1012 5266 2336 9913 5026 94 2755 1172 5260 6143 1129 112 6665 5566 1244 6897 1892 5117 9703 2915 603 8354 
25 8906 9983 2441 6263 4638 1789 3886 2946 4776 9525 4110 164 2216 6765 1774 2912 2717 7790 947 5645 2258 8793 5364 2619 5839 
25 4092 6948 9966 1948 2038 8460 8853 6468 3760 1859 9162 4607 5781 2994 2550 989 9511 6757 3537 8871 6080 9792 5327 9779 691 
25 9410 7526 4744 3581 1181 2366 7766 565 7724 102 6510 4164 9329 3051 1651 6788 2796 9859 9295 5647 6092 2656 8524 1710 4780 
25 1748 9464 8603 5709 4551 9673 9719 7195 5592 5284 4671 7600 7525 9640 3203 8194 9616 5285 6183 2390 1718 2823 6682 5055 7654 
25 5676 3867 6100 3802 7104 1007 3215 5476 3378 4410 8101 1490 4128 1814 8035 7534 1550 4620 5694 1333 450 1724 393 9369 4328 
25 9804 9733 678 1111 9222 9397 8374 8340 9991 561 4766 5393 5847 5680 9165 8951 2248 6031 7289 1551 1510 6308 1597 1440 3812 
25 2837 8022 7269 1512 5759 5127 2468 2689 858 1456 8946 7088 7414 836 9760 1841 8752 3398 3757 8305 237 9070 2394 9711 6011 
25 1001 7390 8189 1419 4502 2939 2460 1757 2869 5272 2388 6720 7720 2026 9289 6902 9774 7770 3394 9694 7575 3220 9585 8343 5840 
25 5022 9364 7498 3585 222 910 8842 8511 6227 5269 767 2095 1373 5 5056 7167 6395 806 4932 1383 1975 1783 9773 3776 8653 
25 6669 5977 8646 2291 6288 5450 9824 2386 3883 6599 5850 1214 6005 6402 3897 7630 3671 7762 3091 1141 1165 7020 9421 4314 2889 
25 5095 70 7956 8012 3855 8590 8980 6887 3272 5765 9403 5380 3424 3864 4510 9392 6293 811 3506 5440 7163 492 2310 5801 4840 
25 3097 4313 1619 5757 7080 1611 8202 6967 4837 320 1580 3627 7126 5558 5613 2815 2896 3309 6980 3860 7341 3450 6393 2948 6223 
25 1504 5180 1103 838 6139 4229 4196 7014 6606 6614 5996 7556 493 4332 1624 1794 852 3029 9252 2134 3570 7488 2917 6658 7464 
25 9060 7561 4864 3367 3933 7096 4303 8079 9617 6727 7513 1350 9470 4500 3712 8443 8341 4182 9594 9192 2995 1535 201 6247 8249 
25 2215 9767 1262 1424 9988 1131 9565 2775 3439 3565 2096 9778 8487 326 1938 2116 9293 1960 4641 851 6329 814 9738 8657 6566 
25 7970 8512 5853 3815 1737 5527 1316 4201 8311 9545 5913 3316 9821 9962 5336 4148 2432 9019 9206 9874 3847 1639 6051 2404 6436 
25 8769 5227 58 616 2411 369 7454 313 7713 3175 9239 7563 7582 1875 9687 497 4392 1030 7487 380 440 8873 9853 6985 9434 
25 1540 6819 4304 538 1525 8668 6140 9042 7916 6061 6236 3206 2685 8532 4116 2555 2257 6000 6477 310 6303 6371 4340 3359 3341 
25 8973 2846 6200 9442 2791 8728 1428 2738 5612 9605 7968 3923 682 7760 4611 4819 4257 8105 1795 9025 1645 49 9385 9526 8589 
25 8 1199 5100 7552 3699 9840 1706 2721 7725 5189 183 4167 4520 6169 5820 7466 301 3778 7359 6427 4784 1279 8283 2569 5136 
25 746 9251 7446 6646 9468 5634 1364 7803 1696 8399 9326 4727 1956 4514 3974 4245 4342 8966 5173 8130 3064 107 5844 6577 9461 
25 4269 7637 7794 6435 6875 6462 430 9271 3896 5511 6113 7194 6981 6232 3384 5966 8925 8715 7087 73 5571 2757 3163 6759 803 
25 3474 2668 6531 9499 9475 7407 3715 4979 7207 6429 9984 4657 1341 3985 2222 2264 4585 6373 9000 1951 1154 7608 6800 5891 8387 
25 9684 8713 9994 7587 4845 9376 2534 2910 6483 3340 4908 7054 1470 9571 6764 9780 4447 4034 8494 7949 5333 8650 134 3465 4049 
25 6406 4290 3965 2467 6639 514 9064 9323 2833 5419 5363 1401 1299 8827 6 5359 3808 896 3496 4855 4804 854 9079 6278 6908 
25 4088 9985 2978 4388 2075 1564 2538 5637 839 96 4680 5926 4631 9428 6187 9880 6234 2516 3022 2860 7741 9746 6447 9657 5672 
25 5154 1517 2536 3527 1138 2867 5540 6648 5275 5168 7719 2524 4184 6356 5472 5302 2829 6517 2306 579 2030 8670 5338 5402 54 
25 8701 2415 1363 4605 458 3212 1032 103 5971 4639 7977 7519 5155 7635 1887 8666 5255 4600 8332 7211 2754 21 1776 7718 5740 
25 2408 5267 6210 4656 9847 9814 3136 6386 5623 1599 0 4271 1800 9302 8613 695 3151 3249 2691 685 5109 5355 3482 8359 3891 
25 4202 7853 8844 8163 2187 1741 4960 455 6235 773 1466 3833 4761 7926 6955 4278 575 438 6098 2247 1322 9478 4734 3622 8450 
25 4267 506 2692 8809 5895 4061 9345 3698 9044 8902 9501 3418 4706 6221 4868 6382 6405 528 169 8972 8442 9544 6704 3788 6444 
25 3863 7784 3588 6752 7837 1481 4708 5856 9333 7813 7232 5568 7017 2097 5342 7188 9562 6033 4374 5166 2818 9001 5193 4031 9982 
25 9500 878 3573 2487 9099 2510 5308 291 6458 8967 4594 1324 3871 1159 138 637 8181 4529 2988 3722 6827 5586 8377 4407 9667 
25 1501 9132 8914 128 4879 9054 3086 6554 3962 5731 6561 9066 6732 6036 6684 2312 8169 7938 8537 9380 9362 1682 9632 7058 1321 
25 8819 7912 8327 4054 3273 9445 1915 4281 9619 5689 141 7691 6257 5506 3113 5325 6327 9424 9484 4008 7923 6073 5442 9561 1271 
25 5674 7505 9451 6095 2177 1587 8136 300 5538 2636 1867 5950 625 8943 6579 502 2903 5262 3182 6929 2748 5632 3315 5217 2704 
25 2498 8019 1917 4871 7847 8787 3354 6643 5644 5069 2492 8803 7723 5122 4309 2631 8020 5108 7661 7567 448 5467 2677 8775 9236 
25 1021 268 7175 4227 842 3652 4539 6145 9058 4198 3582 2438 596 3138 5448 4140 5319 4968 482 2596 7960 7973 8426 470 7887 
25 3642 1660 3479 2744 7785 5544 9180 9722 1775 238 2450 688 3177 3329 6022 789 9574 9590 9114 6674 2163 5341 2539 845 1850 
25 8285 7846 6297 8310 2639 9100 8664 3333 8673 7372 3916 8949 1041 1644 614 942 1627 9910 4915 9646 8325 2207 3360 589 5871 
25 9097 5590 1295 2986 9121 9863 5854 8662 3173 5053 1202 7941 3234 3892 4609 7296 3280 5213 6454 5072 7075 4987 2399 9592 2296 
25 7946 1017 1094 9749 456 7862 3373 9322 6626 5268 6407 6663 5732 4339 7626 6791 833 9552 2506 932 4782 6569 4296 8843 9338 
25 1543 6456 5724 9894 4398 1862 4077 6645 2178 6343 9566 1233 4028 692 174 5952 6129 3366 9939 7380 3530 6195 3210 8385 5449 
25 1077 5767 8507 8298 9453 5399 3171 4729 7404 7373 7728 2267 343 9170 3848 1802 3362 5282 1476 2546 1416 6505 985 4243 5042 
25 5021 7229 2640 8832 9414 6050 6360 972 8326 2521 9834 887 4752 9607 1145 1560 4741 3767 5711 2465 176 4373 4341 6403 9287 
25 1871 3692 1605 6528 8608 5696 690 2073 3973 3222 1786 3449 2812 4158 9246 8553 4978 9123 6096 9844 763 1723 9964 4265 4690 
25 6644 7734 1583 186 7239 8254 8148 2496 3953 2270 2352 730 3800 7266 1353 8085 1143 8388 6207 8191 6445 8663 7797 6514 8475 
25 9521 9960 6763 2180 8036 1690 8975 8483 2783 7959 1953 5299 9459 3019 9734 6499 549 9431 6836 4056 3009 1213 9919 716 517 
25 8765 6379 1760 5171 9049 2478 4307 2173 1998 1830 8892 9682 732 1782 3192 2943 9556 2922 2826 648 6634 239 1375 9437 2790 
25 2532 2981 3922 8920 6755 3473 1746 2845 4808 2435 7604 4508 9915 7144 292 4612 539 7190 8344 9603 2420 5721 1647 3154 7456 
25 10 4707 7270 3862 195 4055 3401 435 4592 1207 1869 6578 1668 3499 1336 7634 5768 3881 6004 5216 5892 567 2572 8046 974 
25 4251 5220 1177 9260 5175 6434 3898 8160 1499 3090 2155 5032 984 5777 2193 4094 6807 7703 8547 3937 3319 7150 3805 2558 3379 
25 7858 5014 8847 5982 4040 7530 2683 3026 5281 1677 4150 4125 8923 710 3601 5533 3380 4779 6062 6804 4564 1717 1034 3518 119 
25 1716 9173 9405 5888 1130 3931 9530 2637 6314 3096 5642 5882 1940 431 7971 990 3861 1494 7434 2290 9450 5494 3578 7990 5605 
25 1751 2756 5831 7184 1983 1412 7753 433 534 3347 2268 3827 3153 6125 830 9898 3632 8004 7429 8841 185 8179 7521 6229 2205 
25 5184 1665 930 145 9398 3783 5036 153 5111 2093 9493 6364 1652 2119 9573 6270 8985 4716 9535 6149 5071 7203 3338 2684 8997 
25 2143 3288 8926 3374 8785 3166 5104 4997 7210 9893 9972 3018 85 2582 7145 5524 7433 262 3597 3845 4534 594 6163 416 6843 
25 8288 5646 7185 5525 4710 8745 1357 2092 418 3321 2725 9799 8667 8081 6609 6576 2883 7745 4104 6837 7557 6702 5142 662 6216 
25 3528 713 4231 387 8860 1648 2047 987 5306 686 6378 2961 4060 4704 7 598 8820 874 3926 3239 6954 5140 3080 5915 3604 
25 4720 6808 4527 9296 5734 8415 3911 1990 3988 9599 5978 4359 6279 3187 7060 8070 3447 2976 3126 4329 4660 8072 7605 8115 2476 
25 8133 2792 7657 5925 7969 8838 3304 6534 4480 4501 3243 1787 6905 407 2675 8060 7272 1447 8957 2821 5233 9623 6605 3545 1118 
25 8271 9957 6014 3844 3971 9488 447 8084 6548 1889 2963 4132 3176 7538 8723 9932 3768 3569 4615 9745 7669 9340 3914 6274 6094 
25 4967 5923 8096 316 5059 1 2066 9827 2870 1924 1952 9228 7478 675 8782 9721 1488 6820 293 8839 6711 2016 5487 7939 669 
25 4279 4050 1793 9046 6119 4632 3797 2344 9116 856 4811 7981 8404 7676 2295 6801 9321 6258 883 38 9854 491 2263 2842 9185 
25 8854 2281 1156 9833 6809 526 3395 540 7471 3211 8122 8655 1537 7465 4426 5562 7665 2788 9900 9120 7995 355 8554 6319 9801 
25 4045 3071 3299 660 680 9633 5274 8945 2252 5833 2776 5557 1835 4587 7430 6878 381 9297 894 5714 7909 1426 7115 1294 3556 
25 4025 2983 4562 4674 4337 9216 6259 5096 1996 52 3634 5045 76 6423 4893 7172 631 331 2154 3817 4131 7694 9110 4926 4366 
25 5033 2418 1957 4172 4209 676 3292 7159 7143 4072 8098 6380 4494 8091 816 6931 7698 2244 3325 1092 4048 3032 1251 2256 9125 
25 7489 3406 638 6961 5312 9226 8768 1679 4122 672 1060 4773 7050 5309 1663 619 5408 2875 1020 2642 8355 4280 8229 8557 5426 
25 7287 4509 5068 5832 7410 7572 1703 9490 7979 8917 5398 4705 376 9848 1944 7023 2373 2436 8365 2638 1509 7082 9852 5535 6691 
25 484 5165 1997 5851 4821 8361 5475 5962 5244 2566 6823 65 348 8744 4603 6725 5116 4165 1074 611 6320 1480 9208 3440 6158 
25 7259 5589 4390 7092 4723 6154 279 9717 979 9164 5941 2825 6895 1810 4459 1122 6448 6959 6168 3852 904 3337 2901 4552 6072 
25 8982 5157 208 33 9389 5389 961 6608 9095 8706 8510 8093 8065 7712 1280 9602 3786 8186 4787 834 9997 6133 6280 7915 4106 
25 342 259 760 9949 1622 4878 7964 3388 1826 7573 4154 6858 4528 6520 2607 4658 651 2145 4683 7884 233 8480 7692 149 8304 
25 6792 8588 1422 5439 3826 1558 3936 357 4254 2428 2919 2735 6630 3599 5354 8171 5167 8418 5326 4965 5270 7658 2627 4691 8593 
25 7648 3977 2989 7062 2406 2383 9460 8604 9533 2008 142 8198 86 3606 2560 449 7166 7593 5865 6513 6941 6813 7748 4230 5469 
25 8132 1576 8859 8476 2371 5554 36 7363 5185 6593 1215 9314 2374 8360 9349 799 7056 6769 3695 5372 8027 3657 1142 1302 5400 
25 6654 6003 8422 3372 4891 7201 4147 971 9255 4743 5432 5397 6385 5046 451 2311 9995 5999 4846 8221 872 4046 4591 4548 8721 
25 1829 8585 6330 3921 7063 8205 577 796 8252 1981 2911 5271 3497 1162 617 6198 8173 877 7477 410 3738 8237 9272 8761 9157 
25 255 9770 2175 9666 9689 684 6805 3764 4311 3512 2115 3188 8628 9128 4670 3186 8226 7491 9825 5778 6106 2241 2495 7710 7684 
25 4327 4584 8680 1565 1266 2568 7038 1725 398 1351 3016 7831 1532 6592 1069 2473 104 4127 3060 7701 4567 4203 5614 8086 5273 
25 9492 43 8779 6472 9038 5789 657 1446 3490 7849 7069 570 3964 2033 8158 4284 8477 652 7037 4483 1487 855 4865 2474 8069 
25 8248 8609 281 273 6245 2932 434 3282 2723 5290 9266 8108 6376 5584 7516 8306 3024 533 4454 8788 8066 34 3377 921 939 
25 903 5564 271 9498 8580 4938 3386 800 4471 6914 2751 2316 3917 1505 6332 1931 9762 4408 735 9659 8013 3312 481 7867 7224 
25 6818 6473 5520 1478 3356 2597 3318 7089 4085 5038 7437 3357 6816 9187 168 4973 3087 4306 2633 9163 5835 4136 2079 4655 2623 
25 7218 8837 4224 2186 8763 966 7335 3266 6174 4351 4270 6957 5135 3584 7944 9325 6730 1095 312 2761 4503 3663 5770 5896 3981 
25 3849 8005 5861 1009 6053 5799 1187 7619 5485 6099 9041 3925 5910 2140 9365 3966 3297 2025 8124 8266 2045 7591 1721 1831 7592 
25 8641 2816 2554 5608 8367 24 6680 3623 1909 1018 2746 5986 5863 6671 6254 9298 7458 8444 1992 4663 7379 3552 344 3538 8883 
25 794 747 7839 4442 766 154 4441 4273 2289 7682 2104 7065 1608 9669 420 8722 1269 4263 6900 5245 7805 3487 4021 8284 3130 
25 5133 2859 5683 9367 8626 8643 1203 6783 7361 3128 4331 6135 7204 2213 1063 3874 2389 791 7650 3811 8801 9444 8702 2201 3460 
25 1736 644 6508 8777 8651 8009 6179 504 4867 8045 8025 787 5821 3535 9868 4261 2771 5368 1182 9761 2992 8894 7073 9342 6524 
25 849 7877 1327 4302 6397 1255 5222 7905 6774 2039 4022 6391 5961 3755 9660 1643 1393 1089 7765 4783 2797 1492 4069 175 6784 
25 3576 411 7244 9008 9358 214 7947 5706 6863 303 1370 2645 9278 1361 1407 4236 397 5353 9750 2876 2064 3391 6049 1930 7961 
25 8217 5172 8591 3624 396 9529 3907 880 978 4383 6973 3263 9407 5199 2630 5049 3648 1834 5441 9388 7321 7851 6694 7428 5137 
25 7693 4461 9048 7007 1477 6469 7291 4344 9537 1947 7391 8301 4721 8551 147 5396 3140 1352 5044 4293 2046 6864 3958 1406 6718 
25 8583 9513 8567 3643 3267 3001 2673 604 9842 7302 4130 5388 749 7639 8817 4713 5328 3106 7027 6612 5300 8348 2653 1495 6328 
25 1293 7899 5736 2501 5707 5824 7987 7520 1318 850 2370 7841 2224 1986 215 5615 8057 5874 3649 6165 2621 4907 5955 3270 3784 
25 9850 3008 6490 6641 5661 2694 6121 7876 7714 6979 1443 4549 1196 8855 5806 8874 2444 6544 1157 9803 427 2429 4886 7560 8623 
25 6017 1563 553 5636 825 9963 62 2448 8569 3659 6262 1556 8875 3352 2968 1685 6762 2439 1791 9174 7673 2945 1877 9449 1054 
25 2530 7457 1538 6166 1396 3666 3522 7348 7855 5481 5124 646 8357 6372 4213 3877 1972 3716 6087 9796 9312 4205 6683 3390 1148 
25 327 4080 9520 6301 8180 6653 5148 7216 7948 8674 6673 3481 4541 2147 6346 6525 3255 1914 7303 7570 6281 328 7773 1486 6994 
25 558 8900 9621 620 1618 5035 5815 9406 8135 1849 1729 1614 9221 1541 1656 5727 5486 2359 1090 2128 1315 6277 7267 4627 9507 
25 7532 6555 3890 8898 337 391 1732 5756 2086 8907 3801 1222 7896 3774 7907 8910 4181 1014 9494 1474 360 1695 7612 3901 2724 
25 2165 1770 5713 1072 1640 6738 3132 8592 9348 2494 9926 5379 6173 5588 6032 5403 5783 9776 5257 3782 4666 9178 4387 2353 9924 
25 432 4017 2044 4352 5063 9361 718 232 612 7095 9829 5814 2157 8339 2940 6974 5058 8300 2688 5017 618 563 364 9339 9353 
25 6620 2070 441 7895 9838 9273 9686 8184 6457 7911 8520 1637 6573 5809 9138 2526 9219 5078 1362 4102 7127 2913 6602 1557 4999 
25 6398 31 6322 4917 306 1683 5559 4109 1655 4851 3533 5228 4580 3058 2634 1891 408 4381 7584 4695 9674 5599 5880 2326 8097 
25 2319 7032 3640 6394 4521 5060 5631 1420 8485 8529 74 4929 7660 2413 2108 518 4194 2824 7003 3107 4482 1822 9440 5542 2210 
25 7929 9430 3814 3748 860 5823 8531 3865 4661 996 8700 1547 423 8308 1964 6126 7553 8320 4378 1392 1354 8878 4781 7322 9572 
25 8251 9438 8058 1307 3978 5678 9486 8941 8676 5817 4464 6357 2333 1292 585 2784 9452 8750 3049 3452 9227 8685 7371 4559 4935 
25 4854 522 4554 3145 178 3919 1704 1720 5723 5235 9073 5671 8933 2349 66 1839 3798 5305 6188 5849 7031 3608 8109 4195 9283 
25 6692 2035 3850 4904 9759 7001 3769 597 1171 8688 4822 9563 473 1910 7312 4913 5424 5191 3771 6873 5933 2234 2376 9184 915 
25 9865 6811 9575 7157 7621 257 4755 2204 4382 7893 6175 5149 5578 9930 3540 3004 6309 7399 4946 2236 5872 6567 7610 8955 1549 
25 4024 8756 4834 2123 1595 3938 7469 1984 4542 2766 3868 8437 9072 8546 2277 1252 3945 1699 5701 2909 9133 1934 7779 9111 1771 
25 6529 8869 5785 6728 7324 8939 4985 4367 2928 5479 4563 115 339 8161 6249 775 2110 7029 8586 8976 5932 649 4394 6688 6464 
25 9341 8629 4434 9480 9198 2230 8864 278 5027 1978 2056 5516 5129 4419 9118 8856 155 6418 793 8273 5989 963 8286 8048 5808 
25 3313 6208 6633 9576 9902 1097 7641 8277 295 4726 3803 6069 9989 5456 2871 4490 1468 6949 1641 3459 6936 44 2918 8222 1403 
25 7467 1260 3614 809 1028 7449 330 1328 902 8486 7265 7305 1579 9922 4848 7642 4902 3701 6055 5345 6595 776 5829 6950 4931 
25 3432 7603 9538 7868 5107 7278 5679 5530 2117 2445 6515 8683 580 9867 2747 7495 6482 599 922 27 9047 4074 6857 1023 8067 
25 7543 2007 69 7288 6651 8095 3422 6879 4320 7777 4377 7999 550 6647 6089 1378 8581 8733 4041 9088 1374 7918 6775 3108 4124 
25 1439 3103 7904 6545 9629 1899 5502 4814 3269 6580 7279 9201 3207 7375 4953 2878 1035 1864 1680 5330 4019 9002 8753 7151 2531 
25 6675 9334 7220 5786 7370 6396 1524 3427 6127 2814 2251 8129 2009 3498 3444 4852 9784 5512 2114 7122 9051 1817 5596 2421 4064 
25 6625 3912 352 6956 209 6388 2470 4555 3520 2331 6743 4547 609 9045 9346 1288 5722 4887 414 715 5692 5927 2864 2971 4423 
25 3455 3804 7870 4686 6316 8934 835 8660 1860 4439 8633 501 6225 2991 9631 8328 8659 9101 1081 4487 7622 1727 2899 3908 8164 
25 8534 203 3765 6640 7436 6362 9126 6142 1093 7297 2245 6115 2609 91 8267 7506 6734 4187 6363 8913 3290 5691 5729 1848 8594 
25 623 5390 2087 4086 1098 6604 6930 3876 8125 3399 4015 2491 3150 3857 4701 5212 2604 3918 274 2726 2299 3521 2850 3066 5090 
25 2758 3168 2853 1272 276 1212 831 6835 7141 468 7438 3157 665 5062 7825 3873 3317 5750 2325 9568 5367 8645 1437 3089 3370 
25 1220 1788 4945 6793 2750 3322 728 4836 5303 1881 3821 9167 8031 4888 5490 5945 4395 5501 6924 4456 5574 6695 2027 6893 5454 
25 1205 999 9661 4692 3409 4636 4081 9117 5569 2549 4059 2403 3131 1692 6016 1031 5802 210 900 6976 4250 6842 7564 7472 8904 
25 1714 4219 8162 4384 2665 881 4023 2327 3298 3124 5498 4810 3612 8661 1184 4802 1882 6896 5957 7664 3324 9601 3586 6710 3837 
25 2997 1006 4111 1522 9861 8635 6872 6015 5505 905 476 5348 8151 7577 8890 5412 6321 9209 2799 1432 9129 2158 261 2764 3694 
25 3986 4625 8075 8669 9356 2414 8423 5097 7338 859 630 1820 2203 2893 9422 4936 6781 3968 5845 2480 9766 7245 1752 970 1062 
25 7347 8145 8675 6197 6109 3525 9904 384 3893 9489 282 9836 5298 7360 4137 7342 5630 3330 741 2953 5259 2148 5928 6056 8488 
25 4333 307 4323 2606 3656 1856 9810 7888 2196 9135 9305 4343 1382 4890 4417 1418 3810 3955 5384 1863 5339 3709 7049 3646 5134 
25 2882 7271 220 4234 6313 5144 8197 7816 4347 9196 1765 9454 3636 1963 5629 6709 5451 3710 3079 9508 2339 8852 8872 9771 272 
25 246 3181 266 1811 7583 464 3296 9062 7539 5912 1646 6970 8333 3553 4420 6768 7068 8799 412 6553 5311 2314 9130 51 8038 
25 1884 2232 6326 9747 9160 1289 8558 3291 6348 3775 3987 480 6821 8648 3779 7588 3030 8394 1461 95 162 5495 7542 2040 2586 
25 8224 5343 9031 9352 957 8434 3517 5570 5249 5414 311 1445 9372 2774 1367 426 2069 3680 7418 9240 5658 7181 5183 2313 4012 
25 1421 2354 6894 3756 5103 9549 595 2933 9812 2553 2545 6698 7963 1438 1348 1144 9626 4319 8322 3174 1779 5834 1459 5798 7199 
25 4678 93 1462 90 5911 2504 725 7548 7242 6392 7759 7708 5079 7780 2661 4526 4613 2923 7479 2840 2074 2228 2974 2262 8795 
25 8806 5901 181 5404 1368 7594 6712 7262 2265 9811 4545 7856 9220 1603 6159 5196 4071 5159 5018 8953 9699 4506 6487 7251 4053 
25 9678 1844 9036 946 9463 4098 5762 5073 3503 9826 8474 7344 2682 2300 8984 2015 779 925 6773 1747 9328 9577 5181 1194 2987 
25 5673 9324 8835 6474 6866 2966 1966 3142 694 4756 6760 7629 4169 9973 9769 5889 7761 3889 7934 6596 3854 6575 1161 2469 6746 
25 3375 4820 4496 3619 1139 5720 9115 6084 5536 9882 3489 8539 8192 6248 8017 5356 2662 5842 973 4853 664 1114 9418 3027 322 
25 1319 9644 4911 50 1898 8610 6723 9024 4832 9411 5816 9473 2897 6947 9557 7864 1511 1057 4075 6991 9425 4798 9275 7988 4233 
25 3458 4519 7223 6989 4665 1286 5296 2462 6164 7258 4983 4870 2768 8555 3555 5230 8040 6251 1649 5358 3037 6085 5936 7764 7138 
25 758 2856 7935 5995 5478 9695 7875 8168 2129 3493 2484 2658 6874 7842 7769 3859 1100 6342 9816 4971 962 7005 2848 4672 5553 
25 708 6058 6226 759 8552 4619 2714 5350 8942 884 668 1317 1075 8938 7932 3689 1498 8352 4260 981 365 4688 7781 2666 9976 
25 8732 6493 4376 7406 7461 7355 8741 5346 1010 1223 5628 1617 2528 5555 5699 1734 5752 9928 9935 5238 4458 26 647 5561 3193 
25 4084 8016 4402 4226 9794 7384 8213 9958 6969 9258 2060 4330 2718 1088 1243 566 5760 8977 5008 5489 8876 5774 4469 8582 8572 
25 3532 4751 5444 7936 5660 3454 1371 212 1206 4403 7804 3283 7550 3287 9284 359 3417 9940 7307 7820 7280 8618 1366 679 6452 
25 2655 524 9648 6044 9615 2857 7910 543 2741 9457 3880 2477 7114 3075 8165 9798 2362 1128 6557 1872 2628 4649 2351 7177 8451 
25 2489 1570 7744 4262 3655 8970 3879 6334 3730 5837 236 9683 9043 8410 30 6466 5607 7866 2767 6737 8099 2925 1384 1500 628 
25 5866 3509 263 823 6178 2348 3135 7900 1530 2309 6275 9663 9509 9462 4044 5581 9524 4954 1693 8044 1380 1471 362 9905 9978 
25 8954 5283 378 3969 1555 4593 5003 4123 9248 6381 5209 6527 2113 3610 2382 7293 2194 3913 8380 6409 2508 3589 2782 3073 2453 
25 3346 2583 8432 6756 5878 9441 7829 2464 4573 7008 5841 798 7234 6401 7227 2999 8080 5890 7482 4244 991 6869 7852 505 687 
25 1242 6899 8238 5517 4588 9404 2101 3574 1102 2170 68 3668 1994 3661 4650 2293 1427 6829 1664 9020 5819 1712 3241 3941 6323 
25 2895 6903 9741 4748 9600 267 5237 4093 1728 4467 4693 4824 4036 8421 1823 5532 2365 3262 7286 9481 9331 125 3344 403 6470 
25 2927 3055 6190 6107 6500 17 7996 6535 1916 5510 1198 8498 5560 7336 8051 6333 4414 774 3364 1496 3404 6876 8503 6136 8749 
25 5278 2773 5742 3011 5387 2936 7422 3514 5085 5552 498 8848 6706 1521 1325 1414 1847 795 7795 8956 4998 1185 2822 532 1598 
25 8381 7382 5939 5935 898 1904 1127 2345 3494 5037 2541 1515 7484 8244 8527 2772 2219 5365 4843 706 9225 761 8797 8879 2102 
25 3650 6203 9542 7942 4100 1078 2171 7040 6745 9805 6361 6201 7812 9171 9920 1146 8496 67 7398 4633 2873 2343 9758 1064 3980 
25 5743 8764 228 826 6518 151 5297 1344 1777 8703 405 4813 757 9662 6685 5307 895 6030 6870 5115 9828 8472 2906 1469 7053 
25 7179 7417 2509 2720 6252 9065 4349 6540 4640 2760 7164 294 5006 9290 6731 7601 1615 3930 5597 1756 8877 8826 4966 9409 7083 
25 1702 7531 3583 9720 9175 2650 2949 9727 2559 5250 156 507 8999 6890 1667 965 4317 7330 3190 9257 1870 99 6935 6300 2059 
25 5315 2733 1939 5773 4789 8001 3127 9086 4722 2841 4237 3989 349 4735 6416 6971 911 7002 5794 4266 3984 4958 7671 7219 6027 
25 2727 6494 5997 2176 6007 1739 8265 4399 4725 3991 7752 8773 8100 3562 5959 3795 298 4006 9371 8736 4258 5920 60 4491 7209 
25 9624 4652 8681 133 9347 9052 217 4730 765 7678 5009 7688 9705 3504 4362 1033 1190 4628 1601 4396 7496 6006 5860 9912 5192 
25 6194 1949 5254 2322 6019 6995 4274 6074 3590 6152 1306 5470 53 5130 8436 7435 1183 7494 4294 6649 9543 7383 7535 7119 4162 
25 7675 1821 2535 8596 2765 8574 8625 3501 2942 9027 2356 6384 8182 8321 9078 1457 7789 4200 2304 2958 5964 792 5684 1819 5972 
25 3402 6241 7799 3686 7105 6358 7894 5708 1633 5593 5619 9146 6243 7883 9929 3023 2001 4759 2261 2018 9856 4473 422 7142 3942 
25 3133 7624 3472 8989 3286 8126 371 6147 6913 5976 6465 5650 5943 3902 1855 1285 1216 9366 2879 2077 7755 1398 4746 2452 7012 
25 8658 3882 8522 7983 1968 6167 4857 82 4597 9951 5226 8021 9606 8287 4298 885 8312 3625 5992 8446 7878 8259 3678 2396 9634 
25 8149 3397 9218 9229 9113 1073 7033 9921 6621 3342 639 3351 4831 5329 7808 4621 341 9155 1669 2302 1932 2301 5807 8940 8307 
25 5813 5322 9628 2793 7397 3099 1386 7108 4432 6141 253 2615 1278 4460 7284 7483 18 3074 953 8888 2144 2641 3205 5163 4737 
25 6770 2308 8776 2334 7518 2657 2608 6261 9522 8157 9215 7716 4841 2385 5541 4626 4618 3013 1219 5188 3618 9127 4299 4543 8138 
25 3558 7774 2839 6170 5164 1514 656 2700 8996 8203 6496 1928 5771 3414 8024 4981 1044 4923 9093 5132 2149 1040 5317 7687 1287 
25 8118 969 9888 3421 1586 2697 5905 6722 9497 8759 959 1561 5005 264 184 592 6615 6506 7329 2298 6105 9942 889 7193 3302 
25 1113 8471 4646 2960 6424 861 5020 7834 3426 6451 4247 9756 4007 2118 3819 1484 2984 4143 4993 7613 9735 9242 832 1221 810 
25 1191 4777 373 1435 9394 3260 9080 8370 4011 152 241 1011 4065 4066 7409 4242 7814 4186 4995 9089 8814 4232 5429 9696 8686 
25 8781 9378 1572 2133 372 7228 4312 9396 6744 3045 7420 544 2223 5624 5944 5908 1431 9654 3043 4924 6628 8918 1801 3250 6624 
25 8822 7103 7313 9787 4457 287 2017 7035 8517 6865 2305 6975 7771 429 1231 770 5288 1503 8983 3125 1329 6660 121 1415 784 
25 5919 5241 3276 4 2146 3035 5665 5796 2169 7555 4844 2617 4566 2965 7924 7662 4171 4909 1861 6151 9303 7649 7010 3274 2993 
25 2719 2947 4096 3331 7826 8032 2285 8337 1574 285 7972 537 5052 6171 9876 3927 4684 9753 1610 8429 4675 6839 3180 299 6795 
25 247 4586 593 6060 2076 9785 1342 3093 1832 2424 5371 2208 2014 2780 7860 4648 8521 6196 1230 8577 2711 2795 6488 6413 9316 
25 888 1106 7933 6982 2034 3734 9416 5572 8282 9955 4356 7549 699 2303 2646 4120 7243 1929 9090 1489 6156 8392 6238 4505 8981 
25 35 6211 6103 1096 9837 627 2838 4163 4253 2202 6840 4806 59 5445 5187 1507 8338 6806 3038 8043 6952 3164 7620 3696 3261 
25 4793 5862 9009 5236 6305 2106 4305 2005 7113 1792 8719 7006 2807 9967 1733 9550 5430 4664 3160 4579 9077 9105 6425 4389 7135 
25 1241 6132 7727 8468 5417 9193 7301 7663 2881 2239 6155 9357 5088 6850 9021 3596 4659 1858 2970 7377 6846 5655 3940 8965 5162 
25 1248 1678 8083 3723 6724 8767 7052 9680 7823 1360 4121 7578 4173 1573 9860 9890 8073 5004 3613 5304 3028 2753 4687 1479 2649 
25 4289 8738 513 6582 7332 1082 5682 2664 2237 1818 9200 6432 8851 2246 3615 2021 5509 602 7544 2885 1147 6668 3053 2341 8691 
25 9446 98 8061 4095 367 3702 9426 2315 2037 8296 4348 9604 4849 7388 3492 8263 2206 6265 704 9937 8047 2570 6412 2562 2273 
25 5471 7124 6679 9883 6352 8570 9729 6898 3591 3172 5118 802 4645 5903 5331 4282 8208 7898 3034 2486 8575 1025 6013 977 137 
25 2519 9872 2600 9250 4662 4984 1531 4736 1002 3739 6999 1967 1425 321 9941 7116 6088 734 1201 6455 7064 9532 1709 3534 9377 
25 8601 1228 5638 2427 7481 6558 2443 1381 7921 2082 1592 9809 4513 7222 1436 1485 5870 2137 3685 5443 9506 4465 8600 5031 5066 
25 9076 582 9655 3369 4422 6268 2020 6222 529 5422 1979 1657 9781 5626 975 1267 7367 3436 918 7076 2802 5102 1969 9291 3743 
25 6350 8865 9419 9067 886 5739 4769 8754 8995 3684 1606 2969 2742 8693 2139 4795 7306 8506 3839 5687 9685 8454 8812 7901 1158 
25 875 9726 3072 4899 5156 3645 5766 5232 92 5547 5969 3943 1954 2161 1335 6568 6794 5681 7702 2579 211 127 1548 3900 6209 
25 1192 3595 3621 6885 7453 9168 2011 2564 6891 8704 2120 4919 6081 2865 6855 7998 1602 4445 8665 4801 9864 9384 6921 8796 6078 
25 6411 6285 6613 7022 9645 3905 8500 9400 2238 5803 2819 7328 2806 4507 9637 5780 28 4758 3711 9567 1016 12 5229 5725 7632 
25 8743 1444 3557 1389 7131 6122 8393 636 2361 9959 4141 9675 4107 9317 7558 7767 9713 3161 5152 2375 6650 1232 2705 8052 5320 
25 87 5029 1824 2141 1666 546 8071 4338 6632 1253 3416 3242 573 5758 634 2217 6509 4838 8241 2461 1365 9203 8802 1085 531 
25 7473 7128 3219 7951 2479 388 3895 4189 6707 521 3629 569 118 7474 6387 1897 6552 7566 2431 5074 277 2340 3231 5407 8607 
25 4052 7019 7879 821 6052 1686 3400 2188 4413 9465 9981 3676 7337 8363 1730 7443 8141 3724 4452 7036 3332 4772 4629 8639 2490 
25 6940 6622 324 7501 6256 4135 3602 666 1136 4643 3653 3010 9482 2944 8074 385 9739 129 7651 3747 9381 600 105 7824 5664 
25 9143 9033 931 6408 7806 489 8117 6716 1137 452 2544 7346 8845 5795 9102 3382 6832 3305 5378 1654 192 2935 6542 1282 106 
25 1763 926 3191 5001 3928 1591 3167 4415 2588 5179 9081 7536 6400 3631 7018 9763 8409 6623 1450 4796 8672 7886 1388 4540 9237 
25 3758 1330 8111 71 8406 8156 5810 7046 8465 6495 3807 8050 6953 9011 4495 508 876 4790 5937 6345 139 4089 6798 6340 951 
25 940 4530 9931 2888 4470 4076 7084 9891 2551 581 7315 5666 8770 9308 8435 6417 2514 586 7562 5013 726 6467 9427 6283 7647 
25 2105 3238 6748 1513 7376 3704 5763 8755 5965 5747 8401 750 1628 847 7925 2003 7618 3741 8137 3116 6104 3275 7011 5883 2048 
25 4570 7940 5310 7674 1890 9670 5131 9512 4599 9564 7450 1784 8262 78 6428 2585 4614 9014 3204 9387 7317 5897 5225 5190 2269 
25 3365 8831 7442 2681 8413 8766 7274 7721 7589 7468 5293 5998 1761 2400 6189 7902 9007 3682 3353 3870 4858 3706 5174 8150 6481 
25 3327 1080 4982 6045 6009 5457 5373 2318 8818 9547 2702 9119 1842 289 7980 2032 8565 7743 5043 3885 8737 4815 1193 1866 1790 
25 5858 6185 583 3336 2288 2342 1612 9757 6962 5567 1464 7212 9195 5375 6215 2571 7976 7024 1070 7339 4073 822 4451 6325 9710 
25 7836 7810 1239 5852 1621 2380 3179 2067 8687 5161 4228 7596 3858 130 4004 9993 4964 9177 729 1804 6450 4146 3592 9831 9516 
25 6284 2567 9169 7750 9028 5917 6102 6144 6439 4259 9515 8620 5526 3326 2863 8689 6442 968 4765 5219 4685 2297 5902 6273 5990 
25 7255 7706 6838 7146 1126 7345 5668 3229 5010 9030 9063 7943 1758 3328 5836 9069 8029 2243 4326 8479 5688 8730 1593 7679 9435 
25 8121 4590 1250 4556 1988 751 8528 3442 1283 6459 9122 3560 347 6717 4635 7700 9194 8746 4357 2573 6861 9186 2433 5744 8424 
25 707 1853 2136 3469 9061 2523 2595 8347 3875 5431 1115 7368 1638 6741 5234 9264 9503 5697 5484 9265 841 551 9618 5200 4617 
25 218 9899 2391 2412 7459 5719 9873 4560 5106 3559 8937 8523 2982 9274 2061 4215 9656 9213 7524 9965 4455 7349 3934 995 8062 
25 5946 8632 952 5846 9176 1281 955 519 9379 8212 6192 6587 8302 4168 6414 8778 6383 2029 5953 6289 2195 1885 3700 7463 1888 
25 7917 945 4032 4575 3508 8540 8166 2071 6024 457 3544 4485 1460 6601 1046 8899 8408 3047 8275 5648 9768 9979 1681 6659 6124 
25 370 2592 6114 4035 3307 5576 5881 4989 6479 1301 8903 2214 3856 5984 419 5016 8491 9 2672 5492 196 5195 8924 6437 63 
25 541 9330 8039 8637 4474 9249 7009 5791 3221 110 6079 772 7611 3603 5513 9596 7431 1616 1926 2422 3824 5146 6987 6912 5374 
25 8400 6029 1873 3240 6377 2505 8969 4637 3959 8908 7455 6676 3415 7316 7214 8134 5654 4386 1247 4240 2022 714 4875 4083 9980 
25 4925 1263 465 6859 177 2749 8478 9823 924 8316 9731 5693 7504 2561 1661 2259 5698 3202 7906 5002 4863 2397 4039 161 1568 
25 4248 2192 9970 9003 870 8116 9153 6932 3104 197 2094 7320 9306 1105 3906 9487 5587 907 9304 8631 2138 6146 6920 6237 9279 
25 8233 2229 621 8968 5194 8425 9245 7685 1516 6701 2507 1197 2455 4602 187 2934 4516 3960 7953 4400 7421 8383 516 5857 469 
25 527 3254 2916 2618 6420 7857 160 3105 6719 643 2332 3832 7004 1554 6310 8535 2151 6907 736 4264 7323 4733 1124 9690 3293 
25 4428 2712 1955 2410 7833 7102 9253 5076 6594 1163 6134 5914 2563 7365 7528 653 8250 844 7966 1188 1358 8717 1520 4449 9191 
25 6984 671 108 4651 4861 5279 4873 7381 2861 4204 6433 5947 6652 9350 7974 7304 655 3054 5749 9579 2483 3122 2731 6441 8919 
25 711 4522 9707 7285 6909 7030 3194 3068 2338 7715 2323 601 8893 8211 8003 7300 1237 97 5323 2644 9285 697 1700 1701 3598 
25 7013 6067 7098 8612 5717 6796 3546 8314 340 1376 3687 6617 8330 4582 1808 4003 3841 6993 9580 6475 8798 2887 1056 1356 5930 
25 6733 425 2716 3903 1491 7840 2520 9151 3462 8679 1391 9718 7945 3368 3146 1101 8257 7579 4583 3644 6181 4063 4321 1533 8978 
25 4416 6928 3729 5318 2166 5818 9224 654 4372 6511 6039 5112 1609 8104 8815 3777 9373 9197 8315 8911 3669 4288 2624 7319 5463 
25 4764 6090 1086 9986 5993 1755 9961 3949 762 7499 4113 2475 3853 4216 3994 6276 2575 2132 2670 9789 3486 4700 6986 8127 6705 
25 9612 6972 3048 3069 8159 6754 4268 1076 3012 2929 9337 4217 9084 7503 3197 8579 140 3052 5294 117 2851 7097 2184 5617 2576 
25 7112 1985 7655 720 2072 2457 4901 954 2580 4177 9788 1803 9688 8011 4117 919 7689 213 3431 3144 1735 3679 375 781 3461 
25 1059 4922 7540 2898 4797 8375 4992 3244 3713 6945 6581 2794 9393 7074 8811 6672 2266 7815 6789 3551 641 9439 4910 936 1868 
25 4937 4856 727 2499 37 4179 9383 2409 744 2231 2419 5263 7130 4504 1395 3092 6128 1274 5726 9386 2425 8731 6583 4149 2063 
25 3998 1906 7353 8927 9736 6093 3726 2220 783 8419 9998 8155 3251 1314 8470 9651 1838 9671 7475 3995 7696 6777 4178 6549 7416 
25 9363 7722 7048 3611 6486 9700 7607 6028 1529 5462 4717 6721 1854 3641 785 6516 7308 9870 2446 6917 5916 4667 6228 5295 1284 
25 9015 8295 4905 4942 6572 8018 6337 8727 5677 7952 3731 4972 8234 8292 1658 997 2167 3878 1186 3085 9096 2690 4884 2503 5086 
25 2998 9211 135 6461 4532 8110 1675 8948 9109 9082 5712 4346 7830 6307 5954 8068 8481 225 1337 9706 6367 1493 5410 2565 3281 
25 871 7958 3813 1711 6415 5084 683 4292 9748 2235 2052 1313 1179 6607 4057 8417 7252 3156 1713 399 1833 9652 4581 865 1475 
25 3835 4369 6507 2779 7393 2226 7412 9429 3717 8810 1229 4608 8289 1745 960 8825 8482 8272 9212 956 717 9723 804 9448 4682 
25 5366 3 7717 7653 2358 5884 1743 9559 6563 2511 7423 170 382 6162 3828 5579 673 6693 226 6664 4030 8862 3633 9639 1773 
25 8772 8055 3259 9307 6253 9050 2242 9740 101 4991 88 3403 5110 8690 4453 6501 7493 9139 4151 5573 1026 6071 1055 2407 1226 
25 5039 3257 6231 5460 3198 8952 868 6353 5126 4601 136 8042 755 3114 2209 8884 1013 7617 748 8319 7405 7206 2279 4185 6038 
25 9820 8131 356 6082 7260 6485 8611 1544 677 3580 445 9055 1134 6918 1607 3733 9946 4174 7235 5503 3345 1588 2127 863 7067 
25 7903 1925 5843 873 7569 7066 7021 3838 3278 4256 9483 3910 7263 4742 6341 8800 6298 4405 8671 1434 4850 2680 6204 8469 8649 
25 8170 8313 5383 7133 3396 8455 1577 8373 6736 5715 8959 7161 9911 1903 6661 4000 5788 8881 3480 7776 7169 901 4206 4512 8734 
25 3593 2603 4749 6244 8518 6884 1935 5887 6219 6943 4767 4192 8490 3511 8979 4803 703 1359 2855 8584 5898 6335 1567 1174 2786 
25 7986 3268 7802 7695 1377 6193 5585 6296 5828 9871 6299 9134 7616 8255 607 1559 3233 1451 4577 9103 1965 4714 8299 7508 9755 
25 6476 9658 466 3411 471 39 9190 2466 2785 7413 5214 9270 4739 7735 350 4976 1116 4197 5276 818 1167 4484 6983 3993 879 
25 8059 5453 7822 9677 1290 4546 8912 8201 4425 4409 1807 5792 5738 8153 4397 7149 7586 3148 7954 6526 4176 7509 7275 2249 6043 
25 2395 8431 6083 5811 3046 4589 5210 1458 6964 8220 1632 5000 4406 354 6306 4014 9751 8630 7768 1671 7233 3478 9230 1087 6063 
25 6690 587 6471 3419 8998 1261 6803 3147 9802 2605 3200 2463 7070 2515 1905 1397 4448 7545 8931 8391 100 1698 9540 64 1907 
25 3746 3785 1441 4712 4493 5411 1527 815 7927 3033 6008 3005 8615 571 8598 5686 3383 556 8947 4486 4112 7246 6749 7992 992 
25 4283 5565 740 8533 6638 1091 4517 2602 3042 5015 1942 8714 437 9037 9635 2364 4792 9638 719 4152 5139 1970 4360 3117 6598 
25 6703 3185 5515 3796 5690 2426 2393 1726 8804 5987 4634 8829 7310 5292 6205 5775 9858 4794 61 848 4694 9907 5401 1037 1117 
25 4775 5595 7192 6199 9534 8634 5963 7427 8915 4037 409 9491 7139 3539 9172 8438 9956 5737 8850 9800 2043 5360 4287 3279 2858 
25 7386 6951 7848 1417 4791 1047 891 2959 1962 4747 6923 6070 7238 8372 4847 6290 7470 3967 635 2817 6591 499 8174 3541 5458 
25 2811 3134 9691 9035 4533 245 4463 2874 9815 3137 392 752 7448 5465 9791 7598 788 488 3513 8456 1195 8724 2330 5381 6504 
25 2347 2084 4440 6230 8088 3753 1673 7132 6714 2979 8784 1523 7656 374 8200 3670 2286 5551 3952 8329 6825 4468 4805 1483 2402 
25 7187 2884 9782 7094 1927 2185 5207 2271 4654 8514 9351 944 2654 5606 6463 914 2276 8231 7522 9281 6547 3983 6831 5169 8167 
25 9704 6889 6910 988 545 8619 705 8556 6862 2667 3488 4478 8544 9299 4906 317 2254 8961 4669 3100 8199 8866 8748 5425 5949 
25 9505 7425 8002 443 7646 2614 9233 2355 982 8794 8223 9476 3111 3232 5289 1902 782 3869 778 3997 4912 9927 3524 2972 6642 
25 8921 191 8708 5344 9399 5435 1740 897 6315 5643 5556 5265 9588 4472 224 483 8526 3095 8433 2434 7202 5474 908 7248 1987 
25 4355 2253 243 8090 6880 4753 8225 9743 1119 5973 4322 3681 4499 4462 753 9204 2363 1785 14 7590 3548 5755 7282 3387 5007 
25 4450 4038 552 1291 4436 3491 8549 8183 5657 3961 5483 8041 7614 4497 3277 6627 1596 6111 235 2556 1542 3677 3761 6250 2996 
25 3334 2057 2651 9026 8747 3118 5362 1404 7547 1874 7908 2620 5730 6449 8545 6564 1387 7152 2142 7191 2529 1234 6689 6304 7156 
25 7546 439 5150 547 9469 9183 351 7452 9149 5054 503 7763 5101 2416 7392 8705 8614 366 1566 1837 4345 9235 4561 9068 2324 
25 9495 696 4027 1805 7015 4091 1813 9851 2844 6523 8493 2907 2801 576 9702 8239 8774 7919 77 8684 5784 4018 7874 2121 8932 
25 3929 2778 6937 8568 400 8960 9510 1991 1670 4318 6057 7110 3829 9300 2740 9433 8508 8362 7100 8516 3888 4166 1463 6317 205 
25 9818 6537 2162 4833 4874 5906 3697 9292 3979 4771 7311 2054 8789 7078 6291 9895 9783 4079 126 6242 2557 1933 8515 7652 7162 
25 2781 2687 4941 7276 5899 7683 7574 8274 4866 4948 3434 5176 1151 2091 9013 6311 5754 8290 1896 2004 4214 6240 1400 3523 7993 
25 8834 8010 3015 3637 446 5119 6871 219 6390 893 4823 9413 4576 4668 9698 8711 4920 642 3831 7295 937 1043 1999 4921 3405 
25 2847 4285 3561 5047 2089 5523 8089 1140 9977 2107 698 3084 9085 2699 6359 3225 882 3152 23 8606 9335 1825 333 542 4949 
25 5675 2191 4903 3594 1705 4118 9057 8303 7957 7055 2891 3476 5092 3505 6635 1372 325 3456 13 5428 9514 7850 590 6828 3343 
25 4277 7231 3295 9436 5488 9152 309 9006 5468 7051 2168 9315 5065 8896 8386 4642 5728 3834 5376 4571 4860 8152 3041 2272 9886 
25 5099 329 7568 8457 4818 5197 4009 4892 1071 733 5253 9262 4211 227 808 7061 9343 4249 5034 663 5504 520 1634 2085 7982 
25 7859 4358 8621 7931 2423 5499 7221 4016 6233 2852 7796 6662 9987 6886 7403 3184 9205 1642 8571 7565 1170 745 9238 9241 2153 
25 2387 1662 4139 3587 6854 7171 5436 8331 1995 4310 3820 6519 7788 3554 8964 1176 1589 9701 7800 9083 1744 8909 2905 6521 5334 
25 7196 8190 7111 2384 5909 5640 4157 7419 3361 4568 6541 3947 1880 4047 509 5518 6271 7137 477 3226 6040 5797 5958 9728 9523 
25 4928 4379 9752 6740 4476 1630 5287 4129 7025 6131 4826 5349 3935 1211 3007 6182 3303 548 6677 584 5420 5024 5089 4944 6172 
25 4955 7742 6349 6530 9730 2111 8790 650 9018 2908 7439 1379 2660 1332 4977 4380 5123 3371 5968 7737 8587 6076 2669 2813 6939 
25 2050 6026 3792 5521 8808 9017 8627 7153 9207 3564 2892 2880 7690 906 4300 8929 179 5703 3289 4740 8364 2278 1311 1003 828 
25 6282 4828 3727 9614 9665 5405 4770 3355 7890 122 3638 2828 1109 624 8227 8396 9158 8462 6264 7861 3020 7026 8513 1836 4623 
25 2488 867 3825 1310 7997 5147 8206 7374 8294 3495 2836 8786 4466 3909 5827 9620 3425 5582 6460 6848 8780 6478 681 361 5921 
25 9313 383 442 8550 6946 9142 5577 6934 8428 4010 4558 7091 5455 786 7749 4488 8740 8928 6915 2956 3516 1578 3651 5480 1742 
25 8858 1045 4569 5221 4511 3566 3470 7670 2713 9933 1562 6753 9817 2183 5121 318 8106 1296 1433 6430 25 742 6324 3061 223 
25 5211 7085 7756 6503 1000 9053 3323 8467 3915 8430 1149 8258 7551 7294 9923 2674 4051 1894 6562 2083 3196 8504 9786 200 2024 
25 6978 5205 3626 4276 3392 1815 7709 4180 1258 5886 8561 2525 8707 467 3963 8293 7699 2283 4827 5876 7697 3389 2221 5594 5894 
25 7325 7631 2632 820 7628 862 4190 8092 9320 557 2233 8698 9934 8849 4595 4786 7208 4308 198 1204 2485 1173 3385 5011 1806 
25 6491 4535 5077 9676 5500 9896 5482 9417 7758 1265 3575 4679 2679 9627 9897 8193 9286 2360 6761 265 9092 4975 6041 6922 1235 
25 2805 6867 8178 8276 4208 1135 3159 8807 8154 1600 4210 5716 3082 3674 7411 4673 8895 288 251 554 7273 45 9591 6906 6492 
25 258 6532 7783 6751 7230 6064 6963 6120 5741 5948 9642 1482 4596 6220 5563 1066 7034 6239 5098 6302 7440 2437 2626 386 7326 
25 6374 4070 1110 9583 3413 5385 7424 319 7514 494 7686 801 7387 9582 4427 8196 5340 2622 8218 5652 6295 7351 1865 3081 7261 
25 4696 353 1067 9553 6797 7366 2980 700 7681 9901 5639 5805 7071 1876 3976 1394 1827 5924 1943 4785 3230 2212 7364 4042 8828 
25 8346 8412 5218 768 1169 5202 9106 8139 4835 4353 998 9625 19 8757 6586 2732 1121 3466 2820 2049 3944 3688 5324 9954 7226 
25 7625 5942 7711 5702 1411 9807 4364 3950 3887 512 4183 8395 3789 83 2752 8405 7178 9517 4882 7369 8729 9288 7832 9914 2695 
25 5591 9866 6560 9032 5507 8578 4524 6845 3433 3376 2430 417 9992 436 1125 9531 490 3457 8863 304 8240 5201 869 5695 7984 
25 8384 7985 5316 9159 4711 3683 9485 8656 9214 8563 2377 9589 7268 8397 5543 8402 817 4962 8638 7845 6410 3301 2381 1631 9318 
25 6565 9884 5985 4697 712 6536 280 7897 3571 7086 674 7668 7168 6556 1355 1920 7264 3451 4774 1409 2584 2274 9990 1919 9332 
25 1946 109 89 2368 1200 3732 283 6440 8602 5208 8147 1762 667 5980 6853 5264 3924 3223 5392 9094 9712 1918 1270 8992 7554 
25 7236 4525 1913 9586 5081 6656 475 837 6538 2904 3264 8246 3836 5651 7039 6699 1845 1629 7486 4538 7047 6443 6002 6574 7882 
25 4952 1320 8188 7580 8114 2284 4431 4145 7240 1659 248 6484 5203 3630 7818 3794 8868 3660 5447 8840 3752 9144 8215 5433 9456 
25 6944 6742 6841 964 7350 7881 9539 9374 144 967 1061 6965 9889 2962 9925 9839 5337 8260 6065 9595 1974 4537 4316 8821 6997 
