28 8717 6244 4597 7359 7402 5551 128 1049 1433 9736 4807 9469 7174 2507 1672 8111 8933 2661 8939 9425 6966 639 1546 901 7267 9351 9822 5410 
28 2543 1845 9662 9393 6303 2022 3896 9487 848 2528 887 1560 1333 3063 9228 7611 4678 3615 2854 6011 7680 6061 4313 1362 1118 3216 2055 2123 
28 3718 2786 2174 9955 2459 8818 9707 6373 3177 5631 9084 9611 5327 3322 8485 827 8706 313 2612 6075 9416 5539 2844 3357 9920 6716 4370 6164 
28 3655 1901 6711 7581 6173 1311 1822 8917 8824 6013 5198 8819 5652 5935 3018 5712 7118 667 1843 9479 1392 57 7702 4320 9927 9654 5182 5609 
28 838 807 256 9972 3938 7128 4866 4482 5004 3235 5944 1074 9499 4983 3485 6915 6829 3367 4853 8365 1429 2334 8546 7182 6052 3876 2706 6841 
28 4060 9936 9740 5818 9095 9909 8288 3607 4336 2367 2578 2455 6675 8997 3604 307 5196 4526 950 3835 7692 4059 9188 9766 4077 8067 2917 3941 
28 4669 3862 4056 3711 1582 9436 1534 4739 4948 6925 3600 6167 1502 172 509 7886 9295 365 6444 7343 8817 9500 5728 1848 9326 3037 3966 3893 
28 8092 3375 1860 9763 9631 2608 5534 8002 2049 4995 2510 2259 2068 7430 9231 8465 5255 4711 5917 4318 9117 323 6298 4779 7205 2755 7458 8990 
28 4625 6657 5915 412 9068 3168 5797 1354 5213 289 5674 4595 1505 9648 6071 6333 4699 7472 517 7484 1742 4126 7584 3858 2826 4146 4377 4686 
28 2043 9911 3722 7797 4167 6774 7171 4978 5122 917 20 7530 8621 6760 73 7378 1815 8380 521 1390 1912 3794 6642 9319 4423 3673 1714 5750 
28 9452 9783 1051 7804 8911 5118 4435 1001 4775 1515 9363 348 7993 446 1309 8877 1593 4719 6542 7948 3469 8516 4652 2137 5669 6153 3843 9577 
28 9969 2020 7964 1607 1355 2688 3782 6 2268 3050 114 8708 3622 1025 1338 5165 6665 1731 7725 5595 1469 13 6771 1166 8924 3297 8935 5053 
28 1035 4003 7826 3869 7836 3499 369 7480 8542 8710 7775 7332 881 3245 7754 1574 1134 2936 6604 4503 573 884 7778 6918 632 8009 1279 2994 
28 8069 9338 5034 6551 6150 810 4627 9521 3689 4646 7040 5022 3649 8790 2833 866 584 5630 7973 5505 7753 5013 5432 7539 5886 7675 4250 720 
28 5767 9076 8395 9013 1588 8420 1455 1046 3098 7157 4690 2038 1167 5365 5283 3373 5953 6883 8745 4036 5471 1365 2617 6137 2987 1073 5197 6975 
28 4355 5310 2732 7888 5206 440 9665 6288 4222 7937 8364 5812 8616 4578 3240 3947 9019 1449 8419 7186 2950 1935 9646 4319 8694 1923 5860 2903 
28 2373 9465 4104 5864 8860 4264 9998 5870 2940 3311 2610 8628 8014 8619 3361 5632 3853 2606 3850 8840 1434 217 1300 5469 5979 4689 8647 357 
28 1802 3901 9086 3122 5950 650 4043 555 621 7945 7364 9575 4583 5220 4969 3387 19 9260 8099 5527 4084 6699 4701 3972 1803 8509 7073 7246 
28 7766 2775 4981 7633 7012 5155 116 3099 4079 5927 8881 7299 7698 7519 6184 9251 6782 5049 6183 3327 4382 4123 4833 2857 659 2727 922 757 
28 4015 6449 1801 2542 8712 9115 3176 7623 61 1293 8252 6208 6074 2315 5077 5572 3541 8196 1129 4730 2761 2386 8405 694 6224 4990 4552 4902 
28 6026 8491 60 9798 6852 8626 9201 3681 2800 2704 3237 2283 1864 5646 6486 4114 5317 8145 4042 1730 9790 1452 5801 1785 3219 1849 5063 351 
28 8506 7721 174 248 4538 8070 9852 7803 8264 692 1196 6507 3617 6272 6638 928 6721 9833 889 8334 3464 3438 7707 1982 2817 4974 2033 6435 
28 2150 8916 5987 8759 691 8410 7117 8034 4951 1735 1794 7616 9805 3892 9944 2670 209 4471 2110 4391 630 6870 1131 6277 4881 8224 5532 8394 
28 6133 3861 746 6880 9887 9849 3828 6534 7724 4615 3468 1171 3817 9352 2329 3993 5718 3273 9967 7494 5658 3510 6939 5106 3793 1487 7935 4670 
28 1947 9264 7432 6848 9230 1396 1155 6560 416 2686 7471 8666 6346 3034 3353 376 1426 3104 7722 6043 5757 4259 4744 1062 5856 2220 5184 6860 
28 9118 6804 590 7856 393 5879 4064 7235 3234 826 8510 6801 4299 4063 893 5366 8794 3043 8378 5890 2992 4656 3249 2743 4908 4671 5704 7459 
28 4496 8240 741 7019 858 7770 7227 5838 5100 7559 6430 7050 9862 3162 7134 9152 8670 7088 5928 5737 1079 3688 1454 2016 1181 2203 7014 5334 
28 1799 8610 1048 8138 224 8754 8912 1162 751 7658 6924 86 7008 7496 4188 6509 7066 2609 1304 9658 5731 1039 9147 3183 7876 3049 7613 819 
28 2522 4825 7571 6941 9083 9066 3299 845 1871 5491 3746 5490 2891 7967 2144 7546 1173 4332 3838 1652 7295 3511 2741 9002 716 2244 2647 9572 
28 955 5752 3141 1330 287 1992 3247 5696 160 7795 6142 3095 3885 8402 5682 9306 2338 828 5339 1215 6528 7194 8089 2480 3303 3463 7663 3448 
28 4014 9320 3156 2070 9014 2934 6260 6349 3088 683 4928 3808 2 4571 1364 3585 310 1976 1211 5606 2257 2621 9347 7346 8771 7569 2624 9138 
28 6292 8885 830 2383 8031 3096 3159 7372 493 9004 9537 2729 1028 2633 4980 2464 5561 6746 5062 2916 8293 3062 4413 7557 4864 9884 6629 3134 
28 3069 3944 9100 4134 2830 9555 623 4698 6682 959 3470 8371 8330 379 4282 860 5120 9990 5616 8547 3157 1411 7081 7179 1715 6598 2295 3732 
28 8028 8176 2347 9692 1825 7381 5698 9061 1286 9314 8922 3952 8975 4633 154 4628 2178 9125 4519 6761 8019 952 411 7730 3012 8219 4194 6020 
28 5280 3611 7318 1853 6249 6910 9137 5386 8823 9840 8854 1905 3379 4558 1507 9204 407 4958 4847 432 8197 3625 2768 3313 9797 3730 5000 9509 
28 5959 3942 3766 2604 3351 9414 4655 2056 983 9312 8391 1865 1945 3457 5382 5755 7004 6635 603 900 1643 4703 4198 3425 7220 8816 8207 8913 
28 9403 1591 4414 5635 5684 8584 1495 6648 7057 7275 7219 6938 2561 62 139 4432 4220 1943 9885 6313 3537 4910 8344 2261 8644 5099 5504 5315 
28 5509 1589 4335 489 240 7715 6046 3514 6489 9030 3897 9697 3633 8756 3218 923 5839 91 4873 301 2673 2379 3691 6267 1650 8387 1753 9429 
28 5617 4110 2450 6247 6936 6330 1510 9689 8690 994 7192 387 9519 6414 5126 3079 1008 3404 7599 7544 7636 9732 7064 3929 9953 5825 4544 6044 
28 3226 8581 1443 3566 8218 3989 6097 6515 5516 7977 7693 9846 3024 1050 9330 444 6178 7147 3145 8269 214 7801 4692 1578 5286 4550 9007 4841 
28 7748 8066 4478 4489 88 8304 8985 1145 3933 4797 1375 9837 6844 3987 6577 3061 8511 9478 681 4071 862 5312 124 25 3603 7370 2979 3319 
28 9534 5177 6589 4449 8766 5593 5530 9377 5873 4302 5916 2451 4086 7572 3965 242 8618 6029 5488 1924 496 5356 5653 8740 80 8604 372 831 
28 354 4933 3392 168 3002 9011 4696 5991 9616 8091 9904 5678 4169 9383 7167 9742 5413 1563 4756 316 8480 1854 8834 4706 646 1444 2028 2404 
28 5547 1017 4809 1884 4156 9246 75 5203 9804 1047 3128 3232 7324 5292 8286 7396 760 1861 5705 2486 8054 6204 7093 4637 864 3241 9263 8483 
28 9017 1813 2963 5465 9164 6484 8734 6643 9813 3557 9265 9453 7183 3142 5460 3813 4130 4971 9300 5109 1106 1719 7114 2581 4676 370 1757 6275 
28 7061 1225 9484 1797 7276 6710 7041 4347 4390 962 5383 6750 98 645 5699 6101 2649 2431 9828 4258 1705 9786 1834 1940 3926 4092 660 6759 
28 1372 8725 5805 1416 9024 2905 5193 9382 9217 6508 4459 7075 3700 8535 8393 2613 3102 3452 8876 8512 1216 4366 6345 7874 3522 5814 4952 6847 
28 8060 9196 367 6217 627 7173 2847 7696 152 2166 677 7850 1558 597 5454 3661 6108 4776 2758 8245 9226 6836 1639 4341 8461 6126 6472 5252 
28 3482 8442 2470 5775 2328 3326 3778 4058 8453 2298 9473 7545 3701 3561 9193 9464 7928 7053 6976 4479 6223 3515 8677 7000 6000 4960 2628 7940 
28 8905 4231 8934 1030 2851 2032 9018 2098 4016 4912 5417 7684 2353 7146 837 6195 4410 1324 7072 5058 4402 4620 5139 7107 6172 7035 9244 1269 
28 7878 6151 9832 7745 3994 5192 3253 2046 4573 8870 1374 4546 6385 7428 1272 8310 9563 7927 1057 3553 422 4949 8788 8774 2478 4842 7645 8202 
28 3720 5495 593 6229 7822 8838 7062 8409 3602 3014 655 4421 2385 5374 998 8515 1933 4997 8431 3777 8586 9439 3495 763 9168 8206 4149 9462 
28 947 6019 9504 4062 4512 7681 303 1782 9559 5568 5764 8808 7735 8476 6740 6102 4038 6145 6519 7605 1641 7441 1144 9807 9001 1194 2839 6009 
28 3382 9389 7270 3424 6493 2763 2349 8046 5753 9583 8865 5957 5172 8227 3781 4419 7996 8498 5423 4812 8106 5035 2975 7976 6086 9891 4713 1366 
28 7626 2151 402 6851 744 3377 5169 3998 8592 6606 7741 8825 1798 2845 4203 3772 1545 7164 7443 9651 792 5876 6469 1325 7662 8024 6813 5379 
28 4738 8660 7115 4229 7198 3399 5459 1953 5795 539 4541 1243 7051 4528 9794 969 9677 7989 9749 2957 8263 7832 4343 2986 4383 2162 8005 1699 
28 5318 2709 1038 2035 2855 2555 7578 9422 8120 6756 6637 4308 8232 3186 885 9180 5714 1337 1412 8648 3342 142 1717 1436 7877 5393 7095 9475 
28 1702 1435 8242 548 9064 36 4088 5445 2949 6448 6617 9793 1179 1003 194 2910 4798 8422 3108 8139 219 8867 8789 8194 3473 6820 6968 6091 
28 8722 8147 1461 7790 195 2332 1317 6691 6712 6405 9812 967 6485 104 5200 4916 3915 9176 7952 3973 2523 1972 9788 3551 123 2290 2375 7885 
28 4859 6834 5418 4718 2520 3854 3660 7412 6295 2393 1781 6757 7464 5575 748 2710 5629 7534 9618 7588 5428 3826 6921 560 5613 3214 3207 8863 
28 610 661 6580 3945 3243 6218 3864 4564 3416 4935 1929 4653 4037 4758 2288 7538 3656 3818 7740 6571 5983 5001 6619 358 6098 5438 7213 8785 
28 7490 2413 6463 361 4298 1267 1026 1855 1811 2698 3855 7884 540 802 2180 3753 6753 9768 6518 7411 6465 7368 771 4582 599 2771 4202 8460 
28 6281 6095 2911 6049 1221 8356 9143 9584 5345 3825 647 2856 5211 5240 1674 9175 9503 1208 3992 1230 9303 4187 1102 9993 7615 8489 50 2667 
28 5463 8747 6796 5518 7632 7421 138 5929 4436 5311 3048 1295 5713 5338 2430 7814 570 6389 7233 7184 3434 7195 8593 3928 8239 6548 7177 7005 
28 4800 7907 4238 1381 6070 4964 3584 9242 4872 8026 497 2646 8891 1110 713 4433 4989 9090 4932 8741 1539 1895 3354 8758 1511 5133 2286 4277 
28 1425 1036 8599 2040 4329 3620 1599 1369 7649 2879 4823 9565 6861 6121 1526 7070 2764 5520 8894 2169 1089 1022 4396 90 9685 2044 6436 6161 
28 7196 9428 7655 678 3254 9765 58 9687 6338 9682 3534 3637 8115 5011 7153 7872 4461 1421 4946 6842 5829 5859 8501 8369 5323 6050 2782 6253 
28 7434 5472 6705 4208 346 3474 9154 4649 3209 6698 1499 306 8537 244 7687 5720 6562 3196 4668 3714 2615 4941 476 2487 7405 3460 65 6655 
28 8726 6554 2884 8041 9355 8505 3067 5984 1927 9161 7470 1718 165 5845 7145 400 9809 1187 7206 9928 3 6394 5954 2868 6437 4566 843 7140 
28 9593 3223 6004 6306 9108 6322 8212 2740 2031 8261 686 5092 7847 5414 5784 2875 2921 6557 5640 5690 9411 2462 1142 4497 1993 5579 9714 5833 
28 5529 5238 7953 6537 9522 5180 6494 8107 1206 4650 9463 7560 6285 5147 3172 4629 4599 754 5680 1996 7514 1606 3702 7087 2346 6837 604 4616 
28 7054 9560 4342 5222 7419 7204 7018 4412 178 2929 9839 697 8146 8730 7438 2370 8671 473 6879 1139 8275 2746 8018 340 1363 7792 6080 437 
28 1087 7475 3868 4 8112 5307 6838 9667 3608 2483 4994 9847 3867 728 5656 5827 1119 634 7784 1728 8972 9995 723 4244 7549 6064 980 2306 
28 9650 7149 1688 5422 7148 3513 8290 8072 8656 812 5820 6309 4976 6613 1156 4201 8316 2100 3310 8617 7044 3481 6875 679 605 4254 7897 343 
28 5402 6597 7574 7704 9259 7654 5620 7091 5276 1281 8820 1698 9155 9755 5453 4457 7657 5086 6222 6499 6633 1482 4431 9040 4854 96 2620 3668 
28 2726 3085 2660 6988 4262 5416 1916 4856 6889 8958 5993 1991 2364 9345 6361 7460 9374 3337 5863 1648 201 4557 5685 6421 1565 8947 4860 1377 
28 6359 3562 4294 9283 1892 1724 2695 7291 6928 7176 8080 5903 8350 1228 6650 5442 314 2966 7900 2230 5258 9292 6993 6268 350 5507 4285 3479 
28 4545 5914 3101 7901 7812 5031 501 8273 1135 2840 5587 1616 158 2394 1092 6331 1729 7678 5288 6654 553 4444 4450 4911 8201 823 8357 1673 
28 5017 5481 5986 232 1805 1908 6818 4972 8753 513 2562 2692 5082 4892 8445 2015 9257 9679 6265 4142 620 5325 4293 7806 5 8171 406 9700 
28 2731 6340 601 1691 4486 5127 2723 454 3271 8462 8348 1766 1762 8689 9877 2023 4780 7717 3058 8228 2622 5908 2930 577 3368 726 574 6565 
28 794 3962 508 2500 6770 2167 1681 9916 1513 1727 7245 7669 9965 8560 63 9252 495 5447 2836 4266 5142 3874 3771 5531 618 5847 2004 2644 
28 8528 7410 3638 4737 6763 4356 9741 9796 3870 7671 8325 9497 960 2776 7821 2081 1917 9557 8153 4947 7039 1149 120 7376 9085 2664 9063 7991 
28 2603 2892 6788 1107 3275 6445 2424 4276 5765 5866 2320 8554 2197 7711 1367 8372 2441 5377 2907 5260 6455 5038 7594 3812 2021 4828 4141 9818 
28 179 52 6242 8400 2442 9922 6396 5982 1975 3407 3251 2007 9341 6492 6408 872 5302 4098 1994 2974 1529 8055 9067 6680 7415 5189 398 5188 
28 5246 8856 3233 2939 935 380 8148 1875 8110 6561 1403 2469 717 6315 191 7197 6653 266 7531 5163 262 4777 1771 8336 1341 2556 6865 3339 
28 3542 4495 4898 1275 6903 7340 4255 3288 6575 7815 2382 9315 8188 8481 4235 4035 8182 8926 4741 6202 8940 6783 5689 6618 2072 8048 2814 6595 
28 2925 3907 1071 9253 1919 6084 9477 218 7038 2291 8029 6737 6659 8902 6634 1876 5800 9962 5743 2053 5284 979 3133 7742 806 7481 9943 2335 
28 8707 6327 7466 8558 4863 3789 8938 9376 8568 993 4214 3340 1784 4428 1213 8873 6010 1554 9492 6136 4000 4170 9033 157 8551 1706 9664 2636 
28 5083 6527 7034 3478 611 4225 3462 730 4022 2171 6358 852 6254 6600 6314 6568 2129 8993 9381 187 5341 2247 9423 2563 6352 3212 3900 2425 
28 6210 2596 1524 9585 8101 8244 466 6334 4899 5848 2246 6800 1334 2392 8278 8787 8071 6506 7251 7001 8872 5754 5508 7406 126 2514 5947 1973 
28 767 8696 9722 1580 5546 8289 9661 1669 8664 5576 2008 2785 2502 3305 4890 2912 3575 8186 8283 8751 5173 6949 8384 1618 5758 1732 5676 8428 
28 9480 3081 4256 5125 5515 43 1470 7918 6714 7498 1517 9476 6360 4575 9896 1734 4291 5621 2821 1005 12 1755 5837 2209 6216 2418 230 2324 
28 9940 7769 1553 4767 4728 3409 6234 7006 7891 522 7058 8702 4279 8724 1658 1778 8166 122 2143 7840 5425 1218 6104 3662 3888 281 3629 1823 
28 1645 613 7541 9527 5796 7860 4242 4716 8122 6350 9987 8256 8225 9716 2407 3616 5207 3506 1360 2059 1255 5405 4477 1391 5020 3015 668 29 
28 795 9764 2769 6729 417 388 1273 7593 4154 5431 3946 2498 5482 280 7672 1838 7249 2635 5692 8809 6625 459 6035 5216 9782 3776 5342 5585 
28 1460 7437 3852 1512 8900 7501 4028 8260 2922 7709 1615 9243 6054 8367 9216 4113 7357 6293 7397 1634 3191 2744 3780 1320 5124 1899 3918 6802 
28 1445 7252 8053 1205 7055 4725 471 4344 9988 7896 7143 5601 1291 4768 1388 6514 939 6824 2873 4050 6944 5152 9857 1936 7344 9744 5190 7336 
28 5526 9513 4312 5545 1886 3884 6666 6819 8323 1889 2475 3558 3770 9398 7582 8522 6951 3224 9126 1007 9889 9088 9225 682 9437 4002 4117 9339 
28 6490 9456 6280 7677 389 327 7764 267 3802 7264 2752 6434 4216 6039 9237 3950 2084 2051 2778 500 2389 9817 4151 7942 9141 1961 9949 3107 
28 7351 6324 2590 3623 8331 64 4196 7619 797 8562 1257 2238 2360 1504 5524 4462 6717 2445 5108 4281 1059 3412 4099 7751 8784 784 7307 5115 
28 4985 6781 4017 4773 6171 2183 70 9938 2410 9396 1246 1733 9169 7339 9026 3589 7300 9800 5828 753 4230 2496 405 8362 1496 2076 3406 5846 
28 6766 2881 111 480 5367 8209 9964 2554 2161 3260 9288 8006 1595 7013 2275 197 7583 3082 879 7984 2243 3211 3881 2146 2312 8659 6147 5010 
28 8154 4491 5224 8486 8527 5932 7292 4033 9760 7968 3047 1723 1041 1711 4232 724 9892 3624 2319 3220 9507 4708 8868 3167 1067 4289 9310 1301 
28 7920 9375 257 5028 2277 1413 7575 6232 8000 4322 7042 1696 7562 5624 9779 2865 5042 9968 7673 9448 5945 7755 7286 3914 9150 8294 3521 5241 
28 4139 1356 6190 2344 72 2880 9950 3027 9619 9087 2297 4026 5729 4369 9872 6713 1598 9515 6940 3131 2747 5298 9596 8056 3004 9586 701 4443 
28 4894 8777 4740 2714 6859 1872 7228 9022 2675 1697 5715 4923 7404 7691 8532 3710 4270 4024 3398 2904 2683 5441 9291 8230 5966 9467 8667 1096 
28 1280 2924 53 4966 5913 6961 4155 6130 579 877 6932 8801 9078 211 1535 4472 4757 8389 8276 5889 477 1357 8417 4116 110 8306 9311 2345 
28 8167 1253 8181 8397 6677 1202 9073 4030 6072 5965 2074 2827 8042 2108 3981 3130 9266 1239 3910 6609 7756 625 9514 4247 4679 9838 7688 5964 
28 9811 1533 1040 7454 4596 2107 9635 5081 5869 2082 7517 3953 8769 8713 9207 203 3507 3132 8258 5281 3324 5130 1177 3785 2310 9723 9316 6037 
28 8326 580 9622 7548 6294 1405 5989 9617 4233 7966 5923 7203 2467 3582 6007 4920 8459 5817 1332 5997 2721 3677 4630 815 2211 118 7949 2192 
28 615 9663 915 3284 5542 7558 1180 9612 8375 7230 3447 3517 329 2387 1358 671 2933 6117 9032 6960 6791 6732 336 1746 3847 3321 1888 427 
28 2184 978 5239 904 9304 7482 1984 3258 6996 912 1157 2918 7373 2557 4998 8464 5600 7129 5823 3743 2239 4040 770 2548 2720 7796 260 4007 
28 250 5733 9933 5849 5210 3626 5819 5619 8172 8761 3264 5691 391 3723 9461 6725 8280 9986 401 254 3363 666 8974 32 7172 2915 7268 4695 
28 7407 1175 2637 547 9721 2009 4330 2011 3849 2960 3595 9890 3652 5449 1817 290 7279 8161 3856 6593 5544 6793 156 4861 5766 6722 8763 2749 
28 5148 7997 895 3023 6831 2996 1918 6335 926 8096 1721 3276 709 8114 6607 5978 9400 4750 8831 896 7758 1160 7106 3796 8432 2702 2643 6778 
28 9449 3591 4132 3734 4361 803 255 8415 4959 839 3736 6030 1137 4712 46 2067 6873 1170 3161 2446 5511 7759 3228 5032 2010 1804 5724 472 
28 609 7597 9524 4351 5154 1018 3836 4731 1467 3053 5626 2616 9540 6163 9275 9483 9528 5921 4598 9318 6446 9281 216 6639 8822 7468 6971 1420 
28 9820 5401 182 2444 7442 1060 3391 7640 1931 9958 5015 5540 657 8100 2679 1847 7452 892 9185 199 8811 9866 1447 7465 5221 5430 5751 4518 
28 1151 1329 7670 6457 8795 4930 8561 9632 7934 8583 4529 8791 9447 700 5036 9282 3940 3171 5354 3493 7586 6825 5313 10 6025 9099 1656 1122 
28 7476 6093 4918 5899 9470 5734 2890 9254 8116 9652 3362 1198 1252 7601 7281 4722 2037 8991 6920 832 5123 3153 6452 3032 1670 649 5467 3100 
28 4608 3804 8800 8813 349 6286 4345 3980 3456 2970 103 8199 3724 6914 2586 270 4452 5369 4189 6299 9232 1602 5951 8184 6012 9552 5162 3143 
28 6877 2889 7084 8205 7868 4977 8627 1116 5380 6016 5131 9678 9346 8168 3068 1629 9690 9250 3712 9792 4771 572 2484 976 1739 4095 9163 4309 
28 725 1869 1955 7469 931 4729 3665 9912 5787 5940 524 1583 9639 8806 5618 8466 2196 9579 9919 9767 6986 9929 2491 5594 801 3205 7392 8170 
28 5088 6364 3682 1530 2951 8137 9441 1631 4190 4020 1969 3301 856 1105 626 6482 4340 6079 6795 9481 9907 5194 2371 1555 7782 8678 2397 951 
28 2717 3765 4239 932 6239 4081 8368 6569 1989 9089 7102 7652 5878 3898 4046 366 3213 167 9594 6116 1542 9641 876 7398 2736 1503 9379 9328 
28 6179 8277 9669 8129 7956 8078 3948 1671 2639 4315 7266 9279 4001 488 8204 6198 968 867 589 9122 6663 1212 2684 2791 7767 5266 5614 8760 
28 4140 3008 9830 6028 5033 674 607 173 8109 2351 2125 5003 991 8683 8597 6987 6451 898 558 8451 4362 2813 3502 1094 8433 3298 8827 8812 
28 7304 4810 9979 2191 2493 1342 7223 3613 8312 1091 9059 2252 7839 8279 3123 2254 2945 6058 6517 4055 4424 1290 9277 1880 1126 4467 261 4516 
28 6695 7554 9753 6858 9199 3735 1308 3798 3030 3831 2012 3749 2793 7122 3033 8518 9332 781 6047 6866 451 3756 3970 4093 7425 245 2194 7794 
28 2069 1456 7362 3664 4252 2213 5324 6667 295 8909 4709 4094 1112 7141 4490 4173 635 6991 284 631 5409 9340 375 1898 2678 8921 891 8471 
28 2774 7852 3188 4651 5570 654 5868 4069 1318 8563 1777 39 3968 1376 6681 8125 3475 2148 5607 9627 1241 3526 2958 6582 1383 3674 4365 1222 
28 1561 1877 5025 2488 3467 9853 5905 3295 5976 3343 9720 7193 5078 3658 5132 906 1401 3764 1812 7661 9166 9051 1386 2832 2707 1946 8238 6868 
28 6264 4956 1896 3839 3315 113 6630 4634 6344 3801 5556 4224 1207 112 2099 9241 5229 6892 1679 6201 6388 5926 4138 5384 1773 26 268 5474 
28 6969 6498 8899 5564 9548 95 1745 7608 6564 2653 9983 9505 2284 155 4159 537 7049 6238 8441 8815 8895 4751 9482 1680 1097 6477 8580 4223 
28 5436 3631 7859 3036 9873 1407 8688 5030 5661 6808 4447 2515 7342 6297 5267 1707 458 59 4070 4614 7734 3252 3429 2421 1397 2163 2794 2050 
28 3073 2236 9549 9604 6839 2027 9234 5907 6758 79 4367 8605 6798 6777 6686 9881 2896 8534 5037 6646 7375 9256 1821 7604 6855 8524 816 778 
28 5156 7834 3807 1004 9829 8127 4197 3307 3555 7676 7660 7436 3491 624 6089 9956 1453 9913 1576 9305 8047 4317 7824 1767 1423 2748 1938 6849 
28 1885 5730 5477 3919 5668 2024 7972 2521 8360 5654 1751 7046 4484 8884 3195 9113 4774 9951 1586 6709 6065 2898 1726 271 772 685 5683 583 
28 8151 8728 2097 9831 2843 9946 8011 5793 3574 2631 455 8793 4468 9333 4359 8271 1926 9676 6762 7431 3531 8098 2803 8632 6141 374 2815 973 
28 6115 24 965 8719 1879 4021 3799 9823 3020 5105 7760 8234 6764 8013 7310 4074 8611 2158 9025 8086 8295 6588 8040 5093 4218 9772 6919 8030 
28 849 9657 3285 5742 2579 7156 1474 8513 6186 3816 2336 3359 6962 4381 8896 6549 8292 3439 4067 2802 3323 8995 3266 4350 6428 6111 5693 9107 
28 7244 2906 1868 8126 7161 4349 5666 8076 3255 658 2867 1675 3051 8723 9733 38 8906 5573 4475 9883 8123 3814 2825 3667 2005 776 921 5359 
28 7305 2577 8404 4227 507 9387 1033 2595 9417 595 9785 842 8117 9 9908 3651 8313 5992 4613 6862 9348 3314 5489 698 6640 5231 3163 7793 
28 4783 395 3715 8531 7674 2989 7525 4999 7739 6453 4604 4334 8575 1676 9043 8185 1398 734 286 8142 7957 2593 1830 7960 6177 640 4131 7919 
28 7701 4175 7694 414 5291 6458 6372 2326 3787 4150 6823 6114 3866 3886 3875 9136 4368 7077 1570 9431 3347 3044 8233 7067 7169 4851 1584 5883 
28 7629 6978 6263 8200 9184 3477 7208 721 2366 6931 259 4389 1907 6544 982 2427 2002 7646 4891 4453 3076 2250 6107 6245 8588 2330 6339 7473 
28 909 5813 5541 2998 4883 9395 3564 9408 5834 8039 5687 5695 9342 7861 9208 4044 4943 2527 7837 1659 4576 6579 4878 4403 2745 6120 9954 9759 
28 1692 6377 4458 8152 5107 9734 3779 2170 8968 8948 185 5660 2235 1288 5717 8832 5140 1343 6109 2672 7719 9636 2716 1021 3535 986 1725 4051 
28 7135 6055 2541 6504 8231 3147 2363 7833 6552 9445 4082 231 3263 253 4884 8600 4384 2549 457 8399 6257 7104 7647 9574 5364 7347 6354 3160 
28 4562 8853 2179 6215 7236 8591 7591 296 362 4217 1199 6196 4742 2296 3428 3634 9072 8862 3976 3880 9686 8882 7017 765 945 1816 7420 2810 
28 4927 6119 7382 355 5110 5637 4451 9784 7007 5274 5498 4945 4794 5135 8454 3197 857 8235 5201 2689 1219 2034 8981 3175 409 9485 6645 403 
28 283 5537 7069 6248 8936 285 8097 1327 9625 5719 9104 4337 2300 3265 335 6432 4392 5087 3687 9694 6522 5434 4565 7536 8861 5567 7529 4747 
28 2390 1538 9693 2340 7553 9824 3005 484 4687 1146 5664 9776 8140 7566 1348 8755 183 462 2842 1340 5854 2147 9486 9989 1463 5933 2054 2659 
28 8778 7736 6724 2619 6958 2753 312 5161 1321 3421 9834 7587 3996 2944 9302 871 381 9569 1432 1827 2228 433 3371 8983 4618 4733 8782 7800 
28 7187 5362 2419 773 6270 7168 6869 2237 8871 7777 8300 8426 7813 809 9049 2087 5316 1414 7150 9602 5900 5146 7100 8517 3178 1418 7779 5395 
28 3599 1109 6853 492 5202 4039 963 5205 7033 4207 7706 8650 4643 4049 7003 4852 699 1172 7126 2318 4715 3501 4601 220 106 4133 5911 4268 
28 6246 3164 3960 2902 5321 3963 9867 8967 3936 7762 4921 9006 2355 2638 390 9406 9511 282 8973 9681 4418 1384 4300 8530 2517 2374 8458 1195 
28 6719 870 4992 7849 8032 6478 453 2632 1528 9803 468 6140 914 3070 8529 9418 1226 6658 456 1621 252 5008 669 7353 3762 704 5967 4572 
28 8388 5336 5368 6127 2479 1720 4408 4483 3857 3169 4636 6505 7029 7603 5512 9245 2468 4090 9187 735 2511 8470 6700 9787 4829 3792 3717 134 
28 8502 3125 9203 2111 117 8930 6418 3540 7448 1655 2301 9327 5112 5476 4677 7651 9074 4417 7388 9419 4243 2860 8376 7913 2376 561 4177 2121 
28 6611 9494 6380 4895 6904 5912 899 6274 4769 418 6953 8335 2943 8729 5350 836 9179 8638 3596 4333 2762 9597 853 2222 1828 7774 3505 6144 
28 7010 1687 9005 6850 6367 4195 8012 3644 5790 1492 6605 7210 8434 3913 1140 9656 8594 481 2928 190 5138 6590 1521 2265 1704 8297 3317 9959 
28 150 137 5786 7348 9624 5376 5759 5938 8187 9628 6336 8226 9421 206 6156 291 3786 7879 8495 4157 1066 1736 8736 4439 8959 2105 7527 3939 
28 8412 5651 1289 3737 143 8423 4548 6148 7915 9132 3741 8837 5121 8347 1756 9508 5089 3791 2801 9224 4569 7628 5977 6468 8625 2117 9035 3733 
28 3769 6814 633 1120 1464 9994 8337 8189 7330 8094 4968 7109 3397 5610 5002 8342 5174 1846 6926 5501 722 7218 544 3259 5347 9268 1200 1197 
28 7627 6963 8963 9258 3760 159 7705 5875 5455 3911 2874 5768 7752 1870 202 7510 9110 5962 1100 2819 2466 8305 8370 8681 3820 6621 2787 6166 
28 1968 7399 5798 1265 309 1694 325 184 3250 9835 9935 6188 6995 4963 1065 8043 6570 4191 5597 6077 7552 6387 8830 9982 7374 8061 445 2701 
28 273 2536 6652 8133 7930 1473 8715 8941 6024 3268 3290 6543 8541 8007 9233 711 4553 2585 3261 45 6835 6395 8929 4009 756 1 9526 2242 
28 8780 4889 3184 4296 7809 1948 2186 4901 6559 733 2685 3594 8685 499 9102 2224 5642 8752 6386 592 3586 8556 2292 8220 9488 1114 954 1587 
28 3013 9432 606 4303 8329 5456 6440 5708 6083 8455 8247 7513 2405 6905 7831 3405 2552 6105 5050 6256 8731 2017 1399 3986 1259 854 948 1053 
28 2118 1890 4940 752 2995 6871 7699 2472 7094 5250 1952 2872 4661 9294 4835 779 299 8976 8301 7682 9003 6929 6227 6233 5975 5151 9223 5721 
28 786 9443 8596 3201 5247 7889 6431 2676 8311 99 2804 9905 4619 7259 8672 1902 6433 3729 8363 4186 2155 1090 9670 2809 4286 5942 1775 5320 
28 5104 56 7028 9000 7773 3985 9134 8354 614 1949 6357 1850 5145 8603 3800 78 8567 9120 3713 8379 680 1835 6287 2473 8421 1619 302 4416 
28 5628 9520 3696 6426 8216 5844 3408 8036 6772 582 7387 1128 9739 2245 4882 2255 8268 7819 441 4819 6985 8215 1995 8738 5901 3152 8631 475 
28 3958 4611 999 1099 1640 6745 7258 7733 9815 9195 825 1527 8058 3978 516 6882 9937 8270 7120 3675 5836 2253 9140 3726 8398 8479 3565 5909 
28 3097 8533 7788 2141 5279 6368 6200 9296 3512 68 8190 9172 9455 628 5332 9795 3842 6376 6662 8440 5427 8073 6318 2131 6259 5930 3080 7282 
28 347 5633 1121 6185 3453 81 2435 8776 1042 2739 9630 7515 1274 2429 4804 4879 5466 9385 6139 8953 8945 8174 8390 9554 3492 1389 8545 4987 
28 3955 1283 3598 2348 5331 4354 3009 1439 8772 5888 6069 3698 3129 8396 5956 3920 5399 449 4644 6409 55 6826 5851 6891 1419 6155 4240 8282 
28 4411 5462 878 729 8574 2560 3092 7873 5517 1297 3592 2901 1016 2887 9359 1904 8150 9189 1006 4790 6591 6479 1818 1336 7771 5716 1189 2042 
28 4735 7625 1349 1178 9538 2848 5623 2234 7542 9855 7250 6923 5054 4796 2060 3937 7823 7592 2256 9588 9775 5603 5794 8695 4263 5186 5129 3659 
28 8679 196 8970 1158 1117 918 2463 6342 324 2384 9123 2795 1064 9065 1347 1261 9457 5485 8352 84 1313 8589 9336 2937 4610 2282 9490 5429 
28 9173 2248 4547 8918 3824 1123 2572 1663 7225 7045 6935 5285 5562 2471 6135 4953 2113 8302 1296 9139 5343 4826 1577 6040 359 2634 2216 4675 
28 4781 7479 9144 8928 9671 3684 2269 8439 2160 5187 6211 2066 7835 6832 4939 1204 308 2485 5114 2946 4934 3783 1168 2303 2140 3227 14 5952 
28 2120 818 4360 4822 5985 6103 2212 7668 4386 7352 2972 7076 4532 9020 1863 7365 4885 2705 5090 2062 3823 9780 3071 467 5228 3021 8492 7807 
28 9745 5902 5403 8319 5853 4147 7606 972 9372 7723 4975 532 2757 9546 2587 9039 6573 6973 6843 7493 8521 2742 7533 9178 4437 7620 5415 4513 
28 6383 2651 8377 8775 4584 9952 1750 6182 6416 3899 5275 6461 5627 6230 8979 6538 6429 5183 1520 1604 9309 9410 237 6378 703 2900 1635 6636 
28 774 9680 2696 7320 9970 229 8835 8807 2337 7728 300 4799 9942 9566 5282 7954 6118 8576 8251 5101 4328 2602 9131 1159 6900 8635 1029 9157 
28 2489 2241 6626 9128 9878 5588 5615 127 5435 5946 6088 4145 5264 2460 5604 1451 4813 9880 7316 1627 6897 7642 3437 342 4031 9053 5850 8027 
28 552 210 6410 591 673 7563 7598 938 5055 7089 8748 2085 3979 7274 34 2172 4420 2048 8543 8951 4261 7497 9498 1346 653 2967 3267 6687 
28 3126 2369 9564 1950 4507 559 8691 1245 2866 222 9726 7315 5707 49 108 9644 145 855 9130 1484 7505 1085 3503 8942 9205 4830 8907 5688 
28 6909 8083 7108 5681 1138 7854 2947 1093 101 749 596 7987 5076 6754 707 3619 1236 4097 874 1806 7936 6132 8842 3272 8613 364 4624 5771 
28 7975 7926 7929 920 5948 5673 5464 3403 2339 4153 9558 5995 2175 8266 1998 6110 6226 3784 1779 777 3350 3029 966 1684 4314 6930 7272 3148 
28 8609 4311 5289 7958 3654 512 8889 3019 6520 8869 5075 1013 3117 2973 9668 5919 4848 7200 1465 1027 1055 7212 1962 8108 6149 944 2976 6990 
28 7060 2411 8577 2313 3358 2102 9547 5773 6283 5111 2779 2000 3999 5706 9581 2641 6864 7925 943 6615 6530 8526 3112 1476 4172 7492 4874 3975 
28 3345 6311 5304 2302 3450 8643 6170 637 3418 3192 4174 419 5167 9868 3679 4993 7713 2456 1758 7985 2993 7356 3832 2589 7630 4886 4589 4103 
28 3653 119 6967 4560 5523 6392 1613 3695 2227 581 4808 905 2200 8477 9218 2831 4570 7254 3951 4765 3193 1285 8910 3605 7933 3719 732 3378 
28 9999 8085 847 1148 5649 8757 3974 808 1331 2983 4593 9028 3754 1970 9551 7215 5309 5226 2361 9756 3300 4372 9606 4913 676 684 5763 5990 
28 5027 2668 5591 4778 9124 3628 3279 4165 7031 6329 9844 2231 7916 2504 4135 9556 7791 1974 2377 7589 2157 3822 4006 3483 6744 9343 3636 5181 
28 7015 4991 1441 8385 8249 3567 9440 9015 2258 8508 1960 7 4996 1928 7710 9229 9900 3179 3262 7500 2420 6391 5973 2981 9576 7841 1485 7811 
28 2327 9525 7009 6584 9360 6886 9077 927 8035 4524 4602 5881 4371 2240 8406 8450 543 4162 4967 4075 8236 6510 5301 8037 6128 5778 5502 7638 
28 4795 241 4788 9715 4378 710 9361 4339 2109 3559 6981 6779 246 2513 6154 1019 5012 2357 6513 1271 949 4700 3671 5287 2153 3042 1514 5209 
28 4004 7489 4691 7241 3449 107 8966 6799 3443 1188 5150 3057 9842 3860 1400 3078 8890 2588 2783 5776 9903 7078 4485 0 2308 6459 3666 7785 
28 9870 5702 9571 2544 7905 3957 7561 8652 9699 705 5094 5548 5565 2112 1882 1653 6984 3336 8180 2408 7341 9392 207 5774 5872 8919 5808 2858 
28 5227 7703 1832 7325 247 9046 1608 3231 3441 5372 9806 1633 383 3934 249 2281 6594 9114 8573 5408 4938 2436 4143 77 5874 6536 4551 3278 
28 7092 9640 5421 981 4205 8049 1786 1695 7714 4640 7679 7217 9029 6982 7261 5622 8118 8987 4473 9696 9895 8328 5611 213 925 688 2715 4514 
28 1937 1930 750 1282 7133 8623 9214 6997 3949 4568 4763 6397 1012 6684 5580 6641 265 1600 1556 8321 7371 3420 9977 571 7214 1268 5420 8845 
28 9773 5644 2566 7969 2773 924 3759 1562 6365 6911 5257 4209 2568 1790 9280 8851 7786 3248 9148 4464 3003 6867 4674 5781 1809 4178 382 9274 
28 2126 4353 3154 2104 4176 9710 9718 5437 1537 4376 1752 8590 1637 6934 2733 2580 4269 5381 1644 6471 1115 1249 8828 5701 5703 2135 3308 1477 
28 8999 8478 5306 755 4434 8767 9814 9771 9413 9981 1248 788 2165 9746 102 8888 619 3967 2159 715 7789 1516 6124 7043 6547 5066 8705 9750 
28 4876 8952 4850 7463 1284 977 514 4843 2823 4504 5348 6415 7637 3925 8897 8169 2658 447 5566 775 8786 5400 8221 2864 6015 747 787 9047 
28 8833 3426 4506 846 3518 3149 8992 6885 8866 3707 3000 3189 2316 9816 5294 8065 8684 5175 3488 3376 8103 9629 7237 9031 1737 3572 5574 8762 
28 3124 7333 7618 8386 996 8841 5670 2438 9096 7700 6894 144 1765 3797 4710 6381 3742 7971 1254 5340 4221 5937 6845 7020 410 5064 4734 5297 
28 5918 5218 5308 9151 9287 5744 5777 2122 3281 3341 8475 4559 6500 3618 8520 8358 8416 4052 7998 1382 3739 5906 5807 8482 4487 5625 9334 2724 
28 5998 4476 341 1431 6081 1314 170 576 7065 8259 5253 8437 3200 5346 6209 4896 2797 7666 2497 3204 2152 1277 4726 2962 7151 82 8287 7875 
28 7483 7116 5552 7504 1262 971 4429 9240 8163 5497 3118 8570 3432 7185 6241 7449 4109 6809 4290 7827 6854 8662 7137 9923 8414 7256 5521 9550 
28 6733 8844 1210 6787 3236 4253 6036 7910 1078 3560 8327 8021 276 8179 1829 8908 2365 8381 8557 7052 743 465 958 4857 3556 8351 4647 5543 
28 2988 9649 1141 192 6545 850 1831 7614 2876 3983 3455 1997 6574 7032 6157 1915 9609 9553 1359 6620 8932 6488 2333 3685 373 4543 8173 7508 
28 4682 7037 4438 2805 6113 6427 718 883 3414 4394 3844 3728 3645 2558 2448 687 2132 5709 7355 2018 2036 9027 1585 5974 934 8829 8904 3435 
28 2870 6059 9219 941 2013 1980 8796 2861 2225 2777 6694 2189 9598 1883 6261 956 31 6627 2657 9101 6896 151 4245 4228 6532 334 368 8949 
28 4321 239 7639 3026 4688 3614 7820 4897 6483 1506 7962 2681 9380 4580 1543 6067 1000 2789 5355 1394 9595 3280 3445 5582 3528 1572 426 6031 
28 6438 3550 5645 8093 4817 479 3198 4297 1032 2712 6726 4008 5219 2156 6917 5559 7855 7391 6290 4301 3386 6644 6669 8965 7226 8267 9599 3158 
28 5867 9960 8978 6481 4019 3640 3871 5293 9471 3094 2362 5014 2130 9496 9543 2886 6887 2846 780 7761 3246 9412 1774 6402 5046 736 2931 149 
28 3845 5782 7551 6221 4260 9262 8893 7844 4287 727 3146 7326 6857 9501 223 9367 7278 1693 3072 5884 326 3332 575 2546 9378 1581 6090 9116 
28 8079 66 3203 5830 1622 5955 6258 7731 2640 9948 6704 8020 2064 2204 1716 2767 2088 1427 2888 1941 7253 3904 6503 7345 531 9610 3851 9980 
28 423 6363 1370 3330 4066 5164 7848 8214 4530 7036 5071 9106 4664 833 1183 6524 4937 1292 7011 1169 9409 6693 3650 8136 9530 4612 5584 9404 
28 1294 2730 8253 9091 4659 5749 7516 7426 6404 5783 3089 6676 2325 3916 9659 6776 9041 4849 799 3090 6351 3103 175 4717 5178 5799 6614 1328 
28 6041 4605 4955 8943 536 2077 2276 6679 1840 7450 7059 1747 2948 984 7624 5634 5711 3389 1651 8553 9939 6603 4204 4979 8296 6042 153 1361 
28 9145 7600 5589 4283 3758 1573 5949 903 3035 535 5233 430 1612 4101 3508 9298 7908 7749 6811 7445 4802 8456 8810 4393 3883 1966 2205 6424 
28 4803 3454 2591 3672 9493 2982 834 3747 8068 8298 4877 5806 4107 3106 4331 7883 6878 8010 3834 1486 7238 4759 338 8373 125 1956 9158 7354 
28 6786 5160 6348 1858 8355 2083 6946 6587 638 1740 2984 292 6060 5102 1768 4076 6312 4827 9728 8779 7048 1263 5641 2311 9129 2414 1549 2058 
28 2030 8243 2941 5070 588 7317 6304 2582 9781 6556 1597 6325 4815 3174 4761 2599 5041 1037 8064 4199 3821 2395 5581 6703 2611 6056 2399 8612 
28 5503 4867 520 7319 5557 1054 7248 7063 6947 3433 8059 9666 3683 8074 4445 4764 3383 3543 3727 3533 1547 2567 9119 2057 7726 8571 5747 1763 
28 9390 8937 3879 7685 4057 8057 4748 8544 9080 8343 8878 8503 3364 526 6425 3763 6884 7285 8550 7524 6045 1258 6379 2526 8444 1808 2307 2656 
28 2095 3140 7199 7573 8504 5371 2006 8272 1133 7139 4591 3609 2662 1217 7881 37 2811 4498 1270 5043 6668 2508 2457 7981 463 4944 2279 7565 
28 564 3372 7648 6535 4858 8469 5563 4982 3752 8051 133 8088 9914 5212 3486 4469 2356 339 4213 9517 2824 1056 7154 4792 6608 1351 2750 9227 
28 3346 1387 1302 7202 6014 1990 9850 4585 7523 3011 2400 2188 2725 7491 3610 3296 4115 9539 9146 6741 6651 6362 2806 6328 85 9727 2666 2920 
28 6797 4903 6475 4502 2978 2322 8341 392 5667 9730 5439 1557 5029 6462 6702 8996 8957 3139 1124 6062 8799 4755 4122 1978 7909 9105 4352 4525 
28 3144 4164 8857 1713 9582 6191 9621 8038 913 9512 69 1069 2422 4078 7127 9506 6096 9098 6913 1494 3932 9709 3525 3500 4397 1176 6094 1932 
28 7763 5170 1678 3039 3773 328 4257 8392 1498 9450 8237 7160 7595 1788 2352 9159 3270 8797 3552 9401 3571 7243 4556 1475 6992 3136 3767 33 
28 4405 9391 3302 6901 1163 4831 6649 1913 6320 485 2691 8980 9642 4537 2285 3809 7097 1568 3859 5242 2359 3639 4736 5023 8920 3444 7686 1152 
28 5157 5892 1430 6596 737 8438 494 8564 5760 371 4448 7690 1632 3694 8874 9567 7617 3238 9048 7255 4845 530 2447 1851 822 6539 8382 1971 
28 9917 7547 2537 6775 2671 1914 3990 4986 5809 9444 4752 4388 5404 4590 5500 9317 9702 4346 663 7892 5492 7308 4581 8222 6235 8802 1322 6450 
28 7462 7413 6495 9278 9009 9841 2207 1844 1479 23 7377 483 3529 7579 6983 930 6696 6749 4193 4793 40 2142 9142 5096 2834 7181 8661 4509 
28 3546 9762 6898 4136 7798 5095 6341 3632 9789 672 9357 2417 636 3291 5234 9322 6765 9308 1738 4641 4121 7260 1647 3538 4275 6817 5822 9801 
28 6296 946 8285 7080 1408 8744 6099 2492 226 9724 789 8836 5885 305 2583 3440 8452 7577 706 8848 6371 8425 5700 9691 399 1559 6460 5272 
28 1749 7914 1954 791 3890 7570 5920 6945 9706 9045 6413 3630 9156 5446 759 3524 3563 2534 7495 5686 3912 7096 9614 386 3150 1344 6307 8955 
28 9531 2869 9906 9502 9961 5904 4023 8698 2490 3882 8493 6225 7866 5016 5748 4096 6672 4305 9589 5578 7716 4684 3494 3083 5785 5732 523 6706 
28 8324 7361 5538 5943 2629 4683 1044 5554 5159 4594 352 1939 5533 2663 8676 228 7071 3547 2812 4032 1478 1446 1264 186 3025 675 6789 2807 
28 3708 9442 7488 5762 2482 9285 4818 1814 3577 9454 9886 9963 7653 8552 8657 5349 1077 1368 8606 9021 4499 1063 5328 6355 7838 263 9236 8467 
28 5237 1393 5791 5243 4658 2828 3627 7802 1130 5091 1125 2096 8636 9623 3137 8572 2571 3054 7851 6959 5390 2210 9810 3703 4702 1540 129 3509 
28 1080 1378 2412 1307 269 9684 7221 4577 7311 1237 7708 5358 9587 8472 1174 9888 4120 5478 1468 5780 6550 2304 5769 2850 2883 429 6922 4127 
28 9220 5396 2474 8213 3982 9637 7596 6400 2289 3331 2530 6998 3105 3489 4961 7931 8950 7499 8582 3182 9286 4805 3680 3693 9133 3587 9893 6683 
28 1402 9897 6525 2025 6555 5330 6250 1231 6497 9924 5215 6308 2765 3442 7435 1906 9860 2091 7567 1299 8859 6187 2509 8846 1353 7111 9321 3110 
28 6473 6266 7556 813 4148 6441 3007 6419 5265 6631 9976 6526 6480 2368 6890 8620 7917 5571 6197 7401 5149 1792 5268 9350 2217 5269 2134 5871 
28 5738 3480 7047 6807 3516 6021 4358 8579 4648 4924 8716 9202 6214 3060 443 2597 3887 2185 8624 8113 5821 4027 8814 8704 7302 3185 6006 9910 
28 4869 1070 3010 2997 8361 9446 4124 1685 6708 8318 4587 5134 7924 2808 9532 2001 3686 897 4905 7506 3422 1075 2690 9222 438 995 7509 3923 
28 3093 6374 1043 363 2372 9079 5659 3568 3052 2331 7843 4893 3065 7418 7283 3731 1611 4327 3846 4632 8246 5398 6159 7644 9704 7367 474 7334 
28 1664 5245 9605 146 140 5898 2116 4128 8645 4770 8183 1113 5412 7293 8177 2278 6032 6715 1481 4379 3833 740 8892 6023 7112 7240 5519 6601 
28 4579 882 6977 6692 6175 7780 7520 4527 7941 616 5663 1098 7395 8265 2893 9858 5598 7932 4181 8359 7526 4284 2899 297 6656 6767 171 9386 
28 6454 4206 4307 5452 3274 9358 1550 7689 840 9153 470 3451 6822 7477 8448 3476 4645 3427 2669 7986 3333 2796 4112 5553 5802 4685 6125 9751 
28 7132 1630 11 5204 8307 8159 2428 4158 3497 1867 8430 3641 87 3045 6585 9269 6908 6193 6406 5199 3466 9683 1136 8198 4091 9221 3031 8663 
28 7298 3431 7535 8988 4880 1335 2737 9871 5085 8773 598 2516 656 3943 1769 648 1839 198 8250 7988 3393 8739 9854 9568 5457 7201 5387 8494 
28 7158 8383 8984 5832 2968 6343 4837 4025 7239 9273 2232 1072 2927 3369 7446 8641 2885 3775 3269 6384 4791 1624 7485 385 420 7912 5295 4171 
28 8665 7136 1536 2728 565 5772 9293 2249 3352 1440 2229 9407 7664 5662 9645 1415 2835 6152 7870 2251 7585 7576 6212 4492 94 9876 7335 7865 
28 9634 8008 8044 7955 2820 2309 7409 9757 6955 9971 7113 542 9209 6207 3190 7667 6236 5555 8883 762 4401 2897 4325 6382 8646 9769 8569 2063 
28 6736 6623 5048 3744 9660 1417 4011 1532 1859 8211 6347 1052 5494 3569 5254 5910 549 9248 1662 9672 6610 4295 8669 3579 9712 5259 42 9093 
28 940 4465 4681 2214 8254 7738 9121 5451 238 2913 5296 5842 6002 235 8333 1193 8366 9703 3922 21 7030 5261 4446 8614 3055 4292 7951 4072 
28 6100 2780 1921 7016 9533 6671 2187 3365 193 4304 3210 9758 6008 7607 9324 5996 859 7290 6943 5514 6899 8303 5639 1649 9536 9901 212 6487 
28 8299 3208 7456 2173 2849 7768 8463 9058 1015 2576 7486 6417 3041 1689 2878 2990 3283 1810 7022 5835 5963 1609 2168 163 8735 7103 1979 8821 
28 9171 4310 8001 4592 5179 4488 7746 5665 3969 578 6003 7825 6375 6827 1683 2136 990 7978 9276 8658 6502 4415 6784 9529 988 130 6220 3458 
28 2052 7512 534 9249 9921 2415 1224 5373 2501 5389 5887 5079 2458 4824 8339 8622 9037 5069 888 8223 3621 7871 486 1519 6566 4639 5045 8634 
28 6269 8925 919 5006 4385 3790 6718 1791 1614 1023 556 5337 8158 9206 1161 8805 1852 2093 6129 4047 8322 7461 6073 2321 2078 1238 1061 5361 
28 665 6751 7297 5440 3748 9973 8964 3113 8403 3705 1623 7131 6902 4184 2164 7337 318 3413 7190 2569 9673 1260 7105 41 3961 7979 7858 5924 
28 4018 76 9713 100 9211 9082 8633 2837 4746 1024 5480 6423 6501 9708 7568 8418 6541 233 30 7209 8578 4984 7363 3316 4348 6956 4442 9094 
28 9213 6165 4697 7781 6317 2299 3187 7842 8500 6112 1014 1525 7772 3091 506 1625 7144 332 3891 2680 8640 3837 3697 1101 2199 9729 4657 3394 
28 5647 7939 9861 7313 394 4542 7540 8217 6027 2799 6540 2182 7027 4720 7906 9434 450 6743 841 1103 6558 4182 4034 1866 5487 5370 6752 8424 
28 5893 5271 4500 2630 1076 2592 5931 3498 5811 1278 1701 567 1450 3115 7503 2882 1910 7247 7895 6106 3017 546 4704 461 2938 2551 835 6319 
28 992 353 7207 5891 5232 894 664 7323 7393 4510 5426 3657 141 1247 7366 3222 7222 689 4727 3931 6063 2443 8135 6707 761 274 6954 8468 
28 6203 1209 8015 1569 2942 7166 8701 1833 1800 1981 166 1459 3841 6578 9638 4672 714 5236 4766 5084 3306 9578 4080 7863 2952 7121 1703 2964 
28 4887 1234 800 2654 8121 6466 9174 1316 6734 7727 4724 2853 9112 8954 4406 6160 4621 1807 908 3360 702 6082 1310 1761 6158 5657 2909 7921 
28 1250 5655 9192 9821 6965 4786 4029 8956 8675 5333 6422 6337 9198 6034 6053 1878 3077 4505 5804 8743 6531 3924 7922 7349 2437 7280 9038 964 
28 7720 8804 4936 4234 3461 2101 3984 5788 5560 5262 2772 7816 8750 4192 5958 1437 2953 8540 2264 2080 1564 8004 8969 5143 3173 2694 2432 17 
28 9371 4743 6194 566 3716 880 7478 9200 8587 8839 7950 315 2650 4200 8850 9675 234 4400 6952 7697 6964 1192 4714 5299 1488 5394 4753 7385 
28 1795 5882 8490 4265 541 7974 4005 5862 9620 18 9062 8023 4870 7805 2380 2756 6033 2674 4662 3385 9054 7911 5612 9451 8693 6755 1963 5483 
28 6828 8210 9523 9902 1190 6251 7083 5357 4045 2977 7650 811 6553 2665 2682 1567 7074 1132 4441 5525 5392 2553 9761 4970 439 712 8128 3819 
28 793 1319 5789 8315 8022 3064 6353 3022 4241 3815 3348 1874 5406 1665 8768 4762 177 9996 8045 54 1741 1104 7327 1185 505 2202 3956 2341 
28 7165 3580 1759 9325 1483 2547 7416 2477 5059 7296 8961 6906 8429 5080 4673 304 3504 7079 6369 9235 7830 7898 1548 9399 8309 1186 2605 2693 
28 7890 8849 8082 2999 1603 9060 2272 975 3390 4430 2127 2090 1686 8847 3725 3768 6005 4168 9370 5599 5263 3349 1942 1298 2398 5171 9092 6942 
28 3706 3294 7980 557 5677 2738 3423 9394 5739 8349 9071 4554 8499 294 3699 5052 4821 2871 7263 2965 9561 9653 5270 2697 9165 2770 9373 3606 
28 3490 519 7178 1626 8131 7631 9075 8262 2454 7810 5858 8191 2985 330 6169 7389 6872 3401 2816 7683 5407 8162 3289 9882 8077 8703 4814 4666 
28 4100 1471 4806 5969 9978 8607 1881 5103 7175 6085 5065 2388 6660 1654 8536 4904 8340 9290 2784 2193 2601 9023 8887 2026 6893 6581 7718 8931 
28 1240 9600 8284 1088 1743 8826 5411 6816 2201 215 4721 109 1385 8017 1457 6812 4480 5697 8160 1350 2699 9992 4962 9042 3127 7965 2401 6496 
28 2139 6393 2476 9738 2273 200 8944 5214 9633 562 5857 8443 738 9181 5344 7085 2223 1154 3578 9711 1944 8195 4166 2512 9608 9516 5988 4422 
28 1793 279 2991 5779 1143 8130 2863 6068 9931 824 3669 7853 929 8798 4638 9590 796 2181 1442 7180 6690 3194 9197 2079 7234 7828 1836 1466 
28 8852 3902 9752 5590 1551 504 502 3496 6066 5549 4772 8602 731 5960 4586 6018 4426 1256 1147 8134 9127 6815 8401 1661 7729 2535 2818 9859 
28 953 5740 3583 9698 9272 6916 7983 1677 1780 3548 6533 4925 428 8960 3120 5433 7846 3396 6833 311 2935 6529 2926 4623 695 2039 527 180 
28 1819 1710 4409 7142 4521 4212 3751 5144 6262 3384 3803 6989 798 1410 7765 89 333 6583 3581 9489 8016 1127 6199 4929 4364 2263 5314 7123 
28 4534 7424 4862 4125 2677 8164 3038 3544 7023 2798 3745 8345 4535 2533 360 8408 6326 2494 4567 9435 4404 2781 5522 7086 1518 6476 5352 1323 
28 6999 1438 1783 5300 7262 9836 8104 6138 9057 442 7537 3410 5136 1164 1489 2570 600 1404 6673 8025 3221 3848 2045 6730 7211 1031 9329 1857 
28 5636 2190 1837 1754 8843 3894 7902 132 8994 1500 4102 9613 4501 16 8566 7635 3829 2790 5638 7068 5475 1508 9472 6017 4732 1448 2274 1660 
28 1977 3415 9109 1842 6895 6300 5569 3750 8770 7090 227 3111 8686 2565 7191 9573 766 569 1824 6689 3740 1887 7025 1409 1700 8003 1579 9149 
28 7944 8720 9177 2391 2065 3199 6739 7271 2932 8559 9111 2841 4185 491 8749 1068 622 8682 1083 6051 6228 2760 404 8308 6628 3329 6273 518 
28 164 1306 3570 6316 829 5484 9747 2402 6180 4816 2751 8257 2531 1708 629 9607 2908 2086 3380 8855 6022 4600 6310 6742 8585 8507 1523 8281 
28 5479 6332 5329 4917 169 3830 6688 9856 3545 3676 3590 6412 9344 9601 585 7808 6735 2895 6980 4456 408 7130 4663 3738 2574 7188 8165 7787 
28 4215 5443 8971 9717 9056 7712 1965 9337 5273 7621 1491 7360 5073 3995 9008 8630 2426 5277 2594 6616 1934 9808 5592 8548 5877 1458 3215 2396 
28 5153 3366 5397 8411 9297 8977 1666 6912 275 7277 2317 4085 5499 587 1303 9388 8274 51 4106 7857 3878 7232 2703 3282 3971 8050 1571 7776 
28 7750 9191 431 4522 3670 4054 2061 1315 6567 3312 9544 5816 2550 6439 4073 6516 6321 6572 8914 448 6323 2538 6974 1985 503 5185 8241 1165 
28 2358 5968 7999 319 7163 3256 4965 435 5671 529 5727 4399 2559 4520 8141 6447 4395 337 6289 5128 6131 6678 4667 4846 7818 7453 9615 4642 
28 6792 6162 8886 3646 9261 5468 7947 2266 4973 4083 4539 9934 8119 1566 189 1690 7904 9542 5444 3206 9190 4834 5303 2838 5360 8629 6278 8105 
28 6399 1191 2114 4606 8654 9541 1891 1373 6685 8338 8898 1964 5051 2440 7609 5840 7312 9170 5994 8436 5535 3471 9655 6670 5672 4508 7403 321 
28 1983 8 9874 586 4280 6773 2219 6806 1276 3519 9748 4460 181 662 2627 9135 1999 9865 5351 7273 4533 6302 8519 4226 2524 9491 6057 6511 
28 5450 4425 6291 2119 974 8692 7265 8203 9365 136 3527 7379 1111 785 8962 3217 2719 135 5176 4326 1789 2378 4271 4617 7543 9424 2625 1610 
28 1084 5021 9562 2453 9827 7743 6403 1541 4048 6213 4179 3865 6076 4246 7612 5097 3006 8858 5141 510 4836 9510 8487 3230 4588 4909 8149 272 
28 4089 1957 5558 298 9183 131 4219 4387 5158 147 4374 6464 3086 3954 758 8642 886 6176 4785 4338 5865 4152 5248 7110 1544 148 6231 997 
28 5007 7257 9879 6189 987 9405 6664 9239 719 4288 2914 8714 4906 3244 5741 7288 5745 7306 3810 8565 7056 7555 9592 511 6856 6240 8449 6356 
28 2518 525 5496 9930 3487 6602 5072 9545 482 4129 865 9535 9364 8473 1909 5841 2019 15 9368 4316 1305 8879 970 1406 5506 2350 6456 7119 
28 907 2003 9777 176 7328 8864 2607 5353 2124 9735 7422 7580 8488 9843 8637 74 1428 1967 7284 1820 3755 7394 7522 378 745 1009 5018 115 
28 8447 5746 28 8781 6276 5168 7423 8457 5608 3119 7829 3840 8555 6078 4784 2626 5225 6599 1497 1232 3334 3576 6612 8639 6728 9354 7899 4832 
28 415 9875 5424 6192 6366 2154 1251 1628 9458 8525 1220 1922 7098 3921 7369 5513 1617 2642 3304 6972 9580 5391 4838 208 93 3400 4373 7867 
28 1958 4868 5119 2416 3430 6123 6092 8496 3320 3863 1642 4273 2287 4493 6957 844 7386 690 902 5388 6937 3325 3601 8687 4375 6122 6794 8255 
28 5074 6491 4536 9647 1379 3016 3114 9433 8144 1201 9991 2294 6181 5061 7487 533 3225 7380 7329 1601 3109 5166 1862 4144 5934 4249 258 4474 
28 5826 2270 3935 8901 4161 9160 1082 8598 1501 9186 1903 8087 7427 3536 9034 594 2103 2094 1894 3788 2145 6146 4603 8317 1229 3395 6407 4398 
28 9802 44 3472 7747 9688 1214 2138 8102 5770 243 8192 4760 478 5939 7026 7408 5922 3121 7321 670 5322 6301 3709 2829 696 5235 2700 1959 
28 2106 6803 5756 8143 4237 4563 4065 452 9518 6470 97 7817 2713 5726 4844 8674 5843 2452 9984 9974 4466 6134 331 1086 1893 769 8156 7502 
28 3066 4540 9335 2133 4323 863 4531 397 8655 3446 7101 1787 4694 739 8523 817 3370 3151 6401 7155 5278 2623 9932 4306 2233 7995 3761 6467 
28 2267 9289 377 9468 5602 528 2734 1744 6001 7894 8474 5461 2648 8178 1395 8081 5650 3046 9743 2822 7590 2439 9010 6521 4839 7451 820 5056 
28 7383 2718 5493 7457 205 8875 957 1575 6970 9975 8764 7757 4988 9267 1873 9863 6206 6979 7963 4957 5792 1988 3417 4631 1856 6720 1339 9284 
28 1081 1951 4549 1108 8157 9438 6420 7433 4855 814 4607 3663 1472 7992 161 2956 8229 3170 1772 2598 550 2423 5722 4787 4211 6701 790 3927 
28 3692 9460 8155 9918 9947 8700 5528 7021 9426 6805 8090 3318 4183 1424 384 3135 2540 9774 5195 2323 9674 1020 7659 3040 1095 2711 3338 7162 
28 4137 3757 6255 4053 805 3056 7893 344 4801 4609 9016 7439 6546 2584 3059 3155 2029 4041 1480 1712 4942 5473 6748 7124 2961 2354 1987 538 
28 5098 6888 105 4915 425 9626 6398 7331 2852 3554 3905 7528 251 2198 3991 5068 7314 985 8332 2343 4380 9899 9643 3774 568 1203 5971 5040 
28 1058 3977 1668 8732 1011 2539 5256 652 2923 5113 4865 3873 7695 8982 4119 3229 8649 1287 8497 7429 6390 9778 6563 7622 3959 413 4180 2280 
28 1796 5761 6271 322 356 9050 3647 643 9701 7550 3648 7938 436 7417 2545 3459 4707 3593 4907 8651 6874 2525 2226 3355 6087 1002 2271 942 
28 320 5583 612 602 1244 8538 7610 2305 3642 6821 5972 7125 2406 1509 5815 8742 9770 4012 1010 768 9397 5999 6723 2434 8923 5057 8208 8052 
28 3180 642 6907 5831 3877 9719 4926 6768 2792 6592 6731 936 6282 2014 2041 4061 2652 8765 9215 4278 2506 7880 4248 7474 5810 8880 3356 2969 
28 6810 8721 1312 3286 8903 8915 3257 5486 3532 6790 4160 9957 7229 8132 9420 9081 4626 6038 7440 2959 9323 782 8413 5894 7224 7152 1897 3795 
28 5895 2735 6411 4811 7994 464 2618 6647 4267 1636 2954 1657 1925 9349 7882 617 1522 8697 5375 2877 2092 7887 6840 3202 9402 8446 2759 3704 
28 4517 9966 4705 1760 460 4875 2971 9926 7732 4749 9271 7269 4745 3721 5047 7845 490 4108 7602 2176 1986 1667 2573 7294 1490 8803 7159 6933 
28 6697 5735 5039 162 3908 2495 3287 8680 293 469 7923 8175 5961 8435 1620 7903 4470 3028 6674 7737 4210 2260 7970 5217 6769 6205 4840 5643 
28 1826 3906 5009 4782 4693 9356 3909 8407 7289 3242 277 487 6048 4068 6876 6927 608 3292 1900 2894 9591 5419 1352 3388 554 2575 5981 9070 
28 7634 5319 3165 7532 5725 3806 783 3539 916 7799 5980 7946 1590 9055 6576 2859 4931 2503 8124 641 7656 1770 5470 8549 3895 2766 6586 7467 
28 6237 9997 3930 3344 8314 4511 2221 2645 4555 8746 2465 5824 3678 7099 8075 6994 7242 9052 3465 498 3087 6785 3277 1911 7189 1235 225 708 
28 875 5067 7414 4574 9270 2919 4950 8668 3436 8062 764 1531 5335 3635 1594 3484 5026 4363 5679 8291 861 4665 7959 8595 9791 92 1646 221 
28 1592 7447 5005 8248 7961 9427 1266 8792 2955 6881 6950 317 4274 6252 3588 3075 7002 2149 1233 7358 5249 71 4919 1242 8427 1462 5019 2532 
28 6474 9362 5448 4754 8193 9851 9819 551 4407 2218 396 9826 5458 434 2519 5897 5855 9495 9167 1776 2722 4820 67 2862 7564 7216 9725 9162 
28 4105 6780 2128 7309 5326 7455 9864 5896 3903 2177 5648 6279 7511 278 3328 890 8615 8374 3239 6622 2600 5378 22 2481 4427 6846 8927 4010 
28 1748 4463 2708 1371 4561 5803 1841 8084 6948 1422 5550 2687 2980 4087 8320 989 9459 2115 9898 8608 2047 6143 3335 8346 4481 7390 869 6168 
28 4236 9570 4440 5596 5941 7665 7518 6727 4118 6738 5024 5852 7507 5305 5363 4324 5536 9474 9915 873 48 7287 4494 8727 8673 7338 3690 8601 
28 9097 188 4251 9255 9044 8353 6747 8095 1682 3573 7303 9012 8989 3138 9194 8733 8998 3530 6305 4680 7138 9307 868 1552 9331 2461 3520 5044 
28 2293 5925 8946 9799 9603 6443 9925 7869 236 8063 6370 9985 5290 3988 7322 4871 5244 3872 3402 9731 9415 3381 3643 5577 8033 9848 911 3997 
